{"contracts/AgentInference.sol":{"l":{"25":0,"26":0,"28":0,"29":0,"31":0,"32":0,"41":0,"42":0,"44":0,"46":0,"47":0,"50":0,"52":0,"53":0,"54":0,"55":0,"57":0,"58":0,"68":0,"69":0,"70":0,"72":0,"74":0,"75":0,"78":0,"80":0,"81":0,"82":0,"83":0,"84":0,"85":0,"87":0,"89":0,"90":0},"path":"/home/cohee/Projects/My-Auditing-Projects/2025-04-virtuals-protocol/contracts/AgentInference.sol","s":{"1":0,"2":0,"3":0,"4":0,"5":0,"6":0,"7":0,"8":0,"9":0,"10":0,"11":0,"12":0,"13":0,"14":0,"15":0,"16":0,"17":0,"18":0,"19":0,"20":0,"21":0,"22":0,"23":0,"24":0,"25":0,"26":0,"27":0},"b":{"1":[0,0],"2":[0,0],"3":[0,0],"4":[0,0],"5":[0,0],"6":[0,0],"7":[0,0],"8":[0,0]},"f":{"1":0,"2":0,"3":0},"fnMap":{"1":{"name":"initialize","line":24,"loc":{"start":{"line":24,"column":4},"end":{"line":33,"column":4}}},"2":{"name":"prompt","line":40,"loc":{"start":{"line":35,"column":4},"end":{"line":60,"column":4}}},"3":{"name":"promptMulti","line":67,"loc":{"start":{"line":62,"column":4},"end":{"line":92,"column":4}}}},"statementMap":{"1":{"start":{"line":25,"column":8},"end":{"line":25,"column":29}},"2":{"start":{"line":26,"column":8},"end":{"line":26,"column":31}},"3":{"start":{"line":28,"column":8},"end":{"line":28,"column":44}},"4":{"start":{"line":29,"column":8},"end":{"line":29,"column":52}},"5":{"start":{"line":41,"column":8},"end":{"line":41,"column":37}},"6":{"start":{"line":42,"column":8},"end":{"line":42,"column":25}},"7":{"start":{"line":44,"column":8},"end":{"line":44,"column":103}},"8":{"start":{"line":46,"column":8},"end":{"line":46,"column":1781}},"9":{"start":{"line":50,"column":8},"end":{"line":50,"column":72}},"10":{"start":{"line":52,"column":8},"end":{"line":52,"column":1956}},"11":{"start":{"line":53,"column":12},"end":{"line":53,"column":41}},"12":{"start":{"line":54,"column":12},"end":{"line":54,"column":64}},"13":{"start":{"line":55,"column":12},"end":{"line":55,"column":63}},"14":{"start":{"line":58,"column":12},"end":{"line":58,"column":76}},"15":{"start":{"line":68,"column":8},"end":{"line":68,"column":37}},"16":{"start":{"line":69,"column":8},"end":{"line":69,"column":25}},"17":{"start":{"line":70,"column":8},"end":{"line":70,"column":37}},"18":{"start":{"line":72,"column":8},"end":{"line":72,"column":109}},"19":{"start":{"line":74,"column":8},"end":{"line":74,"column":2736}},"20":{"start":{"line":78,"column":8},"end":{"line":78,"column":72}},"21":{"start":{"line":80,"column":8},"end":{"line":80,"column":31}},"22":{"start":{"line":81,"column":8},"end":{"line":81,"column":37}},"23":{"start":{"line":82,"column":8},"end":{"line":82,"column":2972}},"24":{"start":{"line":83,"column":12},"end":{"line":83,"column":41}},"25":{"start":{"line":84,"column":12},"end":{"line":84,"column":3067}},"26":{"start":{"line":87,"column":12},"end":{"line":87,"column":63}},"27":{"start":{"line":90,"column":12},"end":{"line":90,"column":81}}},"branchMap":{"1":{"line":24,"type":"if","locations":[{"start":{"line":24,"column":91},"end":{"line":24,"column":91}},{"start":{"line":24,"column":91},"end":{"line":24,"column":91}}]},"2":{"line":40,"type":"if","locations":[{"start":{"line":40,"column":13},"end":{"line":40,"column":13}},{"start":{"line":40,"column":13},"end":{"line":40,"column":13}}]},"3":{"line":44,"type":"if","locations":[{"start":{"line":44,"column":8},"end":{"line":44,"column":8}},{"start":{"line":44,"column":8},"end":{"line":44,"column":8}}]},"4":{"line":50,"type":"if","locations":[{"start":{"line":50,"column":8},"end":{"line":50,"column":8}},{"start":{"line":50,"column":8},"end":{"line":50,"column":8}}]},"5":{"line":67,"type":"if","locations":[{"start":{"line":67,"column":13},"end":{"line":67,"column":13}},{"start":{"line":67,"column":13},"end":{"line":67,"column":13}}]},"6":{"line":72,"type":"if","locations":[{"start":{"line":72,"column":8},"end":{"line":72,"column":8}},{"start":{"line":72,"column":8},"end":{"line":72,"column":8}}]},"7":{"line":78,"type":"if","locations":[{"start":{"line":78,"column":8},"end":{"line":78,"column":8}},{"start":{"line":78,"column":8},"end":{"line":78,"column":8}}]},"8":{"line":84,"type":"if","locations":[{"start":{"line":84,"column":12},"end":{"line":84,"column":12}},{"start":{"line":84,"column":12},"end":{"line":84,"column":12}}]}}},"contracts/AgentRewardV2.sol":{"l":{"52":0,"53":0,"55":0,"64":0,"65":0,"66":0,"67":0,"77":0,"78":0,"79":0,"80":0,"81":0,"82":0,"83":0,"87":0,"93":0,"94":0,"95":0,"97":0,"101":0,"105":0,"109":0,"117":0,"119":0,"121":0,"123":0,"125":0,"126":0,"127":0,"131":0,"133":0,"134":0,"139":0,"140":0,"141":0,"142":0,"150":0,"151":0,"152":0,"153":0,"156":0,"158":0,"159":0,"160":0,"163":0,"164":0,"165":0,"167":0,"179":0,"180":0,"189":0,"190":0,"193":0,"195":0,"196":0,"197":0,"200":0,"201":0,"205":0,"207":0,"208":0,"210":0,"211":0,"213":0,"229":0,"231":0,"232":0,"234":0,"235":0,"238":0,"239":0,"240":0,"243":0,"246":0,"248":0,"257":0,"258":0,"259":0,"260":0,"262":0,"263":0,"264":0,"267":0,"268":0,"269":0,"270":0,"271":0,"272":0,"273":0,"276":0,"277":0,"278":0,"280":0,"284":0,"285":0,"286":0,"287":0,"288":0,"289":0,"290":0,"291":0,"293":0,"296":0,"300":0,"301":0,"314":0,"315":0,"316":0,"318":0,"320":0,"321":0,"324":0,"326":0,"328":0,"329":0,"331":0,"335":0,"336":0,"337":0,"340":0,"342":0,"343":0,"344":0,"345":0,"348":0,"356":0,"357":0,"358":0,"360":0,"362":0,"366":0,"367":0,"368":0,"371":0,"372":0,"373":0,"374":0,"377":0,"381":0,"382":0,"384":0,"385":0,"386":0,"387":0,"389":0,"393":0,"394":0,"395":0,"396":0,"403":0,"404":0,"405":0,"408":0,"410":0,"411":0,"412":0,"413":0,"415":0,"419":0,"421":0,"422":0,"423":0,"426":0,"428":0,"429":0,"430":0,"431":0,"433":0,"437":0,"438":0,"439":0,"443":0,"444":0,"445":0,"449":0,"453":0,"454":0,"456":0,"457":0,"459":0,"462":0,"464":0,"465":0,"466":0,"467":0,"469":0,"471":0,"472":0,"473":0,"474":0,"478":0,"479":0,"482":0,"483":0,"491":0,"492":0,"493":0,"497":0,"498":0,"500":0,"504":0,"505":0,"506":0,"507":0,"510":0,"511":0,"526":0,"537":0,"546":0,"547":0,"548":0,"549":0,"551":0,"555":0,"556":0,"557":0,"562":0,"563":0,"564":0,"566":0},"path":"/home/cohee/Projects/My-Auditing-Projects/2025-04-virtuals-protocol/contracts/AgentRewardV2.sol","s":{"1":0,"2":0,"3":0,"4":0,"5":0,"6":0,"7":0,"8":0,"9":0,"10":0,"11":0,"12":0,"13":0,"14":0,"15":0,"16":0,"17":0,"18":0,"19":0,"20":0,"21":0,"22":0,"23":0,"24":0,"25":0,"26":0,"27":0,"28":0,"29":0,"30":0,"31":0,"32":0,"33":0,"34":0,"35":0,"36":0,"37":0,"38":0,"39":0,"40":0,"41":0,"42":0,"43":0,"44":0,"45":0,"46":0,"47":0,"48":0,"49":0,"50":0,"51":0,"52":0,"53":0,"54":0,"55":0,"56":0,"57":0,"58":0,"59":0,"60":0,"61":0,"62":0,"63":0,"64":0,"65":0,"66":0,"67":0,"68":0,"69":0,"70":0,"71":0,"72":0,"73":0,"74":0,"75":0,"76":0,"77":0,"78":0,"79":0,"80":0,"81":0,"82":0,"83":0,"84":0,"85":0,"86":0,"87":0,"88":0,"89":0,"90":0,"91":0,"92":0,"93":0,"94":0,"95":0,"96":0,"97":0,"98":0,"99":0,"100":0,"101":0,"102":0,"103":0,"104":0,"105":0,"106":0,"107":0,"108":0,"109":0,"110":0,"111":0,"112":0,"113":0,"114":0,"115":0,"116":0,"117":0,"118":0,"119":0,"120":0,"121":0,"122":0,"123":0,"124":0,"125":0,"126":0,"127":0,"128":0,"129":0,"130":0,"131":0,"132":0,"133":0,"134":0,"135":0,"136":0,"137":0,"138":0,"139":0,"140":0,"141":0,"142":0,"143":0,"144":0,"145":0,"146":0,"147":0,"148":0,"149":0,"150":0,"151":0,"152":0,"153":0,"154":0,"155":0,"156":0,"157":0,"158":0,"159":0,"160":0,"161":0,"162":0,"163":0,"164":0},"b":{"1":[0,0],"2":[0,0],"3":[0,0],"4":[0,0],"5":[0,0],"6":[0,0],"7":[0,0],"8":[0,0],"9":[0,0],"10":[0,0],"11":[0,0],"12":[0,0],"13":[0,0],"14":[0,0],"15":[0,0],"16":[0,0],"17":[0,0],"18":[0,0],"19":[0,0],"20":[0,0],"21":[0,0],"22":[0,0],"23":[0,0],"24":[0,0],"25":[0,0],"26":[0,0],"27":[0,0],"28":[0,0],"29":[0,0],"30":[0,0],"31":[0,0],"32":[0,0],"33":[0,0],"34":[0,0],"35":[0,0],"36":[0,0]},"f":{"1":0,"2":0,"3":0,"4":0,"5":0,"6":0,"7":0,"8":0,"9":0,"10":0,"11":0,"12":0,"13":0,"14":0,"15":0,"16":0,"17":0,"18":0,"19":0,"20":0,"21":0,"22":0,"23":0,"24":0,"25":0,"26":0,"27":0,"28":0,"29":0,"30":0,"31":0,"32":0,"33":0},"fnMap":{"1":{"name":"onlyGov","line":51,"loc":{"start":{"line":51,"column":4},"end":{"line":56,"column":4}}},"2":{"name":"noReentrant","line":63,"loc":{"start":{"line":63,"column":4},"end":{"line":68,"column":4}}},"3":{"name":"initialize","line":76,"loc":{"start":{"line":70,"column":4},"end":{"line":84,"column":4}}},"4":{"name":"getRewardSettings","line":86,"loc":{"start":{"line":86,"column":4},"end":{"line":88,"column":4}}},"5":{"name":"getPastRewardSettings","line":90,"loc":{"start":{"line":90,"column":4},"end":{"line":98,"column":4}}},"6":{"name":"getMainReward","line":100,"loc":{"start":{"line":100,"column":4},"end":{"line":102,"column":4}}},"7":{"name":"getReward","line":104,"loc":{"start":{"line":104,"column":4},"end":{"line":106,"column":4}}},"8":{"name":"rewardCount","line":108,"loc":{"start":{"line":108,"column":4},"end":{"line":110,"column":4}}},"9":{"name":"distributeRewards","line":116,"loc":{"start":{"line":116,"column":4},"end":{"line":128,"column":4}}},"10":{"name":"distributeRewardsForAgents","line":130,"loc":{"start":{"line":130,"column":4},"end":{"line":136,"column":4}}},"11":{"name":"_distributeProtocolRewards","line":138,"loc":{"start":{"line":138,"column":4},"end":{"line":143,"column":4}}},"12":{"name":"_prepareAgentsRewards","line":146,"loc":{"start":{"line":146,"column":4},"end":{"line":181,"column":4}}},"13":{"name":"_distributeAgentRewards","line":184,"loc":{"start":{"line":184,"column":4},"end":{"line":220,"column":4}}},"14":{"name":"_distributeValidatorRewards","line":223,"loc":{"start":{"line":223,"column":4},"end":{"line":250,"column":4}}},"15":{"name":"_distributeContributorRewards","line":252,"loc":{"start":{"line":252,"column":4},"end":{"line":303,"column":4}}},"16":{"name":"_getClaimableStakerRewardsAt","line":308,"loc":{"start":{"line":308,"column":4},"end":{"line":332,"column":4}}},"17":{"name":"_getClaimableStakerRewards","line":334,"loc":{"start":{"line":334,"column":4},"end":{"line":349,"column":4}}},"18":{"name":"_getClaimableValidatorRewardsAt","line":351,"loc":{"start":{"line":351,"column":4},"end":{"line":363,"column":4}}},"19":{"name":"_getClaimableValidatorRewards","line":365,"loc":{"start":{"line":365,"column":4},"end":{"line":378,"column":4}}},"20":{"name":"getChildrenRewards","line":380,"loc":{"start":{"line":380,"column":4},"end":{"line":390,"column":4}}},"21":{"name":"_getClaimableServiceRewards","line":392,"loc":{"start":{"line":392,"column":4},"end":{"line":397,"column":4}}},"22":{"name":"_claimStakerRewards","line":402,"loc":{"start":{"line":402,"column":4},"end":{"line":416,"column":4}}},"23":{"name":"_claimValidatorRewards","line":418,"loc":{"start":{"line":418,"column":4},"end":{"line":434,"column":4}}},"24":{"name":"withdrawProtocolRewards","line":436,"loc":{"start":{"line":436,"column":4},"end":{"line":440,"column":4}}},"25":{"name":"withdrawValidatorPoolRewards","line":442,"loc":{"start":{"line":442,"column":4},"end":{"line":446,"column":4}}},"26":{"name":"getServiceReward","line":448,"loc":{"start":{"line":448,"column":4},"end":{"line":450,"column":4}}},"27":{"name":"_claimServiceRewards","line":452,"loc":{"start":{"line":452,"column":4},"end":{"line":484,"column":4}}},"28":{"name":"getTotalClaimableRewards","line":486,"loc":{"start":{"line":486,"column":4},"end":{"line":501,"column":4}}},"29":{"name":"claimAllRewards","line":503,"loc":{"start":{"line":503,"column":4},"end":{"line":513,"column":4}}},"30":{"name":"setRewardSettings","line":525,"loc":{"start":{"line":519,"column":4},"end":{"line":538,"column":4}}},"31":{"name":"updateRefContracts","line":545,"loc":{"start":{"line":540,"column":4},"end":{"line":552,"column":4}}},"32":{"name":"setPrevTokens","line":554,"loc":{"start":{"line":554,"column":4},"end":{"line":559,"column":4}}},"33":{"name":"getVirtualTokenAddress","line":561,"loc":{"start":{"line":561,"column":4},"end":{"line":567,"column":4}}}},"statementMap":{"1":{"start":{"line":52,"column":8},"end":{"line":52,"column":2295}},"2":{"start":{"line":64,"column":8},"end":{"line":64,"column":41}},"3":{"start":{"line":81,"column":8},"end":{"line":81,"column":41}},"4":{"start":{"line":82,"column":8},"end":{"line":82,"column":51}},"5":{"start":{"line":87,"column":8},"end":{"line":87,"column":39}},"6":{"start":{"line":93,"column":8},"end":{"line":93,"column":65}},"7":{"start":{"line":94,"column":8},"end":{"line":94,"column":3543}},"8":{"start":{"line":97,"column":8},"end":{"line":97,"column":59}},"9":{"start":{"line":101,"column":8},"end":{"line":101,"column":32}},"10":{"start":{"line":105,"column":8},"end":{"line":105,"column":39}},"11":{"start":{"line":109,"column":8},"end":{"line":109,"column":41}},"12":{"start":{"line":117,"column":8},"end":{"line":117,"column":44}},"13":{"start":{"line":119,"column":8},"end":{"line":119,"column":80}},"14":{"start":{"line":121,"column":8},"end":{"line":121,"column":86}},"15":{"start":{"line":123,"column":8},"end":{"line":123,"column":67}},"16":{"start":{"line":125,"column":8},"end":{"line":125,"column":53}},"17":{"start":{"line":126,"column":8},"end":{"line":126,"column":51}},"18":{"start":{"line":127,"column":8},"end":{"line":127,"column":57}},"19":{"start":{"line":131,"column":8},"end":{"line":131,"column":86}},"20":{"start":{"line":133,"column":8},"end":{"line":133,"column":4944}},"21":{"start":{"line":134,"column":12},"end":{"line":134,"column":76}},"22":{"start":{"line":139,"column":8},"end":{"line":139,"column":97}},"23":{"start":{"line":140,"column":8},"end":{"line":140,"column":87}},"24":{"start":{"line":142,"column":8},"end":{"line":142,"column":29}},"25":{"start":{"line":150,"column":8},"end":{"line":150,"column":43}},"26":{"start":{"line":151,"column":8},"end":{"line":151,"column":36}},"27":{"start":{"line":152,"column":8},"end":{"line":152,"column":47}},"28":{"start":{"line":153,"column":8},"end":{"line":153,"column":63}},"29":{"start":{"line":156,"column":8},"end":{"line":156,"column":6003}},"30":{"start":{"line":158,"column":12},"end":{"line":158,"column":60}},"31":{"start":{"line":159,"column":12},"end":{"line":159,"column":6183}},"32":{"start":{"line":165,"column":12},"end":{"line":165,"column":45}},"33":{"start":{"line":167,"column":12},"end":{"line":167,"column":6400}},"34":{"start":{"line":179,"column":8},"end":{"line":179,"column":107}},"35":{"start":{"line":180,"column":8},"end":{"line":180,"column":73}},"36":{"start":{"line":189,"column":8},"end":{"line":189,"column":7222}},"37":{"start":{"line":190,"column":12},"end":{"line":190,"column":18}},"38":{"start":{"line":193,"column":8},"end":{"line":193,"column":68}},"39":{"start":{"line":195,"column":8},"end":{"line":195,"column":83}},"40":{"start":{"line":196,"column":8},"end":{"line":196,"column":7456}},"41":{"start":{"line":197,"column":12},"end":{"line":197,"column":18}},"42":{"start":{"line":200,"column":8},"end":{"line":200,"column":7569}},"43":{"start":{"line":201,"column":12},"end":{"line":201,"column":18}},"44":{"start":{"line":205,"column":8},"end":{"line":205,"column":90}},"45":{"start":{"line":210,"column":8},"end":{"line":210,"column":100}},"46":{"start":{"line":211,"column":8},"end":{"line":211,"column":83}},"47":{"start":{"line":213,"column":8},"end":{"line":213,"column":8186}},"48":{"start":{"line":229,"column":8},"end":{"line":229,"column":43}},"49":{"start":{"line":231,"column":8},"end":{"line":231,"column":62}},"50":{"start":{"line":232,"column":8},"end":{"line":232,"column":62}},"51":{"start":{"line":234,"column":8},"end":{"line":234,"column":8854}},"52":{"start":{"line":235,"column":12},"end":{"line":235,"column":61}},"53":{"start":{"line":238,"column":12},"end":{"line":238,"column":75}},"54":{"start":{"line":239,"column":12},"end":{"line":239,"column":72}},"55":{"start":{"line":240,"column":12},"end":{"line":240,"column":69}},"56":{"start":{"line":243,"column":12},"end":{"line":243,"column":9409}},"57":{"start":{"line":257,"column":8},"end":{"line":257,"column":43}},"58":{"start":{"line":258,"column":8},"end":{"line":258,"column":71}},"59":{"start":{"line":259,"column":8},"end":{"line":259,"column":64}},"60":{"start":{"line":260,"column":8},"end":{"line":260,"column":84}},"61":{"start":{"line":262,"column":8},"end":{"line":262,"column":83}},"62":{"start":{"line":264,"column":8},"end":{"line":264,"column":65}},"63":{"start":{"line":267,"column":8},"end":{"line":267,"column":25}},"64":{"start":{"line":268,"column":8},"end":{"line":268,"column":22}},"65":{"start":{"line":269,"column":8},"end":{"line":269,"column":10407}},"66":{"start":{"line":272,"column":12},"end":{"line":272,"column":10567}},"67":{"start":{"line":276,"column":12},"end":{"line":276,"column":76}},"68":{"start":{"line":277,"column":12},"end":{"line":277,"column":10717}},"69":{"start":{"line":284,"column":8},"end":{"line":284,"column":32}},"70":{"start":{"line":285,"column":8},"end":{"line":285,"column":32}},"71":{"start":{"line":286,"column":8},"end":{"line":286,"column":61}},"72":{"start":{"line":287,"column":8},"end":{"line":287,"column":11083}},"73":{"start":{"line":289,"column":12},"end":{"line":289,"column":76}},"74":{"start":{"line":290,"column":12},"end":{"line":290,"column":11259}},"75":{"start":{"line":314,"column":8},"end":{"line":314,"column":75}},"76":{"start":{"line":315,"column":8},"end":{"line":315,"column":70}},"77":{"start":{"line":316,"column":8},"end":{"line":316,"column":59}},"78":{"start":{"line":318,"column":8},"end":{"line":318,"column":83}},"79":{"start":{"line":320,"column":8},"end":{"line":320,"column":12374}},"80":{"start":{"line":321,"column":12},"end":{"line":321,"column":20}},"81":{"start":{"line":324,"column":8},"end":{"line":324,"column":112}},"82":{"start":{"line":326,"column":8},"end":{"line":326,"column":79}},"83":{"start":{"line":328,"column":8},"end":{"line":328,"column":80}},"84":{"start":{"line":329,"column":8},"end":{"line":329,"column":96}},"85":{"start":{"line":331,"column":8},"end":{"line":331,"column":106}},"86":{"start":{"line":335,"column":8},"end":{"line":335,"column":46}},"87":{"start":{"line":336,"column":8},"end":{"line":336,"column":13096}},"88":{"start":{"line":337,"column":12},"end":{"line":337,"column":20}},"89":{"start":{"line":340,"column":8},"end":{"line":340,"column":87}},"90":{"start":{"line":342,"column":8},"end":{"line":342,"column":69}},"91":{"start":{"line":343,"column":8},"end":{"line":343,"column":25}},"92":{"start":{"line":344,"column":8},"end":{"line":344,"column":13343}},"93":{"start":{"line":348,"column":8},"end":{"line":348,"column":20}},"94":{"start":{"line":356,"column":8},"end":{"line":356,"column":75}},"95":{"start":{"line":357,"column":8},"end":{"line":357,"column":70}},"96":{"start":{"line":358,"column":8},"end":{"line":358,"column":118}},"97":{"start":{"line":360,"column":8},"end":{"line":360,"column":79}},"98":{"start":{"line":362,"column":8},"end":{"line":362,"column":107}},"99":{"start":{"line":366,"column":8},"end":{"line":366,"column":46}},"100":{"start":{"line":367,"column":8},"end":{"line":367,"column":14325}},"101":{"start":{"line":368,"column":12},"end":{"line":368,"column":20}},"102":{"start":{"line":371,"column":8},"end":{"line":371,"column":75}},"103":{"start":{"line":372,"column":8},"end":{"line":372,"column":25}},"104":{"start":{"line":373,"column":8},"end":{"line":373,"column":14488}},"105":{"start":{"line":377,"column":8},"end":{"line":377,"column":20}},"106":{"start":{"line":381,"column":8},"end":{"line":381,"column":34}},"107":{"start":{"line":382,"column":8},"end":{"line":382,"column":88}},"108":{"start":{"line":384,"column":8},"end":{"line":384,"column":40}},"109":{"start":{"line":385,"column":8},"end":{"line":385,"column":14917}},"110":{"start":{"line":389,"column":8},"end":{"line":389,"column":29}},"111":{"start":{"line":393,"column":8},"end":{"line":393,"column":68}},"112":{"start":{"line":395,"column":8},"end":{"line":395,"column":58}},"113":{"start":{"line":403,"column":8},"end":{"line":403,"column":71}},"114":{"start":{"line":404,"column":8},"end":{"line":404,"column":15749}},"115":{"start":{"line":405,"column":12},"end":{"line":405,"column":18}},"116":{"start":{"line":408,"column":8},"end":{"line":408,"column":46}},"117":{"start":{"line":410,"column":8},"end":{"line":410,"column":71}},"118":{"start":{"line":413,"column":8},"end":{"line":413,"column":60}},"119":{"start":{"line":415,"column":8},"end":{"line":415,"column":56}},"120":{"start":{"line":419,"column":8},"end":{"line":419,"column":38}},"121":{"start":{"line":421,"column":8},"end":{"line":421,"column":74}},"122":{"start":{"line":422,"column":8},"end":{"line":422,"column":16345}},"123":{"start":{"line":423,"column":12},"end":{"line":423,"column":18}},"124":{"start":{"line":426,"column":8},"end":{"line":426,"column":46}},"125":{"start":{"line":428,"column":8},"end":{"line":428,"column":74}},"126":{"start":{"line":431,"column":8},"end":{"line":431,"column":63}},"127":{"start":{"line":433,"column":8},"end":{"line":433,"column":56}},"128":{"start":{"line":437,"column":8},"end":{"line":437,"column":58}},"129":{"start":{"line":438,"column":8},"end":{"line":438,"column":67}},"130":{"start":{"line":443,"column":8},"end":{"line":443,"column":69}},"131":{"start":{"line":444,"column":8},"end":{"line":444,"column":72}},"132":{"start":{"line":449,"column":8},"end":{"line":449,"column":37}},"133":{"start":{"line":453,"column":8},"end":{"line":453,"column":38}},"134":{"start":{"line":454,"column":8},"end":{"line":454,"column":83}},"135":{"start":{"line":456,"column":8},"end":{"line":456,"column":68}},"136":{"start":{"line":457,"column":8},"end":{"line":457,"column":75}},"137":{"start":{"line":462,"column":8},"end":{"line":462,"column":88}},"138":{"start":{"line":464,"column":8},"end":{"line":464,"column":35}},"139":{"start":{"line":465,"column":8},"end":{"line":465,"column":27}},"140":{"start":{"line":466,"column":8},"end":{"line":466,"column":17970}},"141":{"start":{"line":467,"column":12},"end":{"line":467,"column":76}},"142":{"start":{"line":471,"column":12},"end":{"line":471,"column":18201}},"143":{"start":{"line":478,"column":8},"end":{"line":478,"column":18406}},"144":{"start":{"line":479,"column":12},"end":{"line":479,"column":18}},"145":{"start":{"line":482,"column":8},"end":{"line":482,"column":55}},"146":{"start":{"line":483,"column":8},"end":{"line":483,"column":78}},"147":{"start":{"line":491,"column":8},"end":{"line":491,"column":25}},"148":{"start":{"line":492,"column":8},"end":{"line":492,"column":18818}},"149":{"start":{"line":497,"column":8},"end":{"line":497,"column":19047}},"150":{"start":{"line":500,"column":8},"end":{"line":500,"column":20}},"151":{"start":{"line":504,"column":8},"end":{"line":504,"column":38}},"152":{"start":{"line":505,"column":8},"end":{"line":505,"column":19369}},"153":{"start":{"line":506,"column":12},"end":{"line":506,"column":54}},"154":{"start":{"line":507,"column":12},"end":{"line":507,"column":48}},"155":{"start":{"line":510,"column":8},"end":{"line":510,"column":19546}},"156":{"start":{"line":511,"column":12},"end":{"line":511,"column":54}},"157":{"start":{"line":526,"column":8},"end":{"line":526,"column":19974}},"158":{"start":{"line":537,"column":8},"end":{"line":537,"column":118}},"159":{"start":{"line":551,"column":8},"end":{"line":551,"column":88}},"160":{"start":{"line":555,"column":8},"end":{"line":555,"column":67}},"161":{"start":{"line":556,"column":8},"end":{"line":556,"column":21008}},"162":{"start":{"line":562,"column":8},"end":{"line":562,"column":54}},"163":{"start":{"line":563,"column":8},"end":{"line":563,"column":21288}},"164":{"start":{"line":566,"column":8},"end":{"line":566,"column":29}}},"branchMap":{"1":{"line":52,"type":"if","locations":[{"start":{"line":52,"column":8},"end":{"line":52,"column":8}},{"start":{"line":52,"column":8},"end":{"line":52,"column":8}}]},"2":{"line":64,"type":"if","locations":[{"start":{"line":64,"column":8},"end":{"line":64,"column":8}},{"start":{"line":64,"column":8},"end":{"line":64,"column":8}}]},"3":{"line":76,"type":"if","locations":[{"start":{"line":76,"column":15},"end":{"line":76,"column":15}},{"start":{"line":76,"column":15},"end":{"line":76,"column":15}}]},"4":{"line":94,"type":"if","locations":[{"start":{"line":94,"column":8},"end":{"line":94,"column":8}},{"start":{"line":94,"column":8},"end":{"line":94,"column":8}}]},"5":{"line":116,"type":"if","locations":[{"start":{"line":116,"column":54},"end":{"line":116,"column":54}},{"start":{"line":116,"column":54},"end":{"line":116,"column":54}}]},"6":{"line":117,"type":"if","locations":[{"start":{"line":117,"column":8},"end":{"line":117,"column":8}},{"start":{"line":117,"column":8},"end":{"line":117,"column":8}}]},"7":{"line":130,"type":"if","locations":[{"start":{"line":130,"column":100},"end":{"line":130,"column":100}},{"start":{"line":130,"column":100},"end":{"line":130,"column":100}}]},"8":{"line":159,"type":"if","locations":[{"start":{"line":159,"column":12},"end":{"line":159,"column":12}},{"start":{"line":159,"column":12},"end":{"line":159,"column":12}}]},"9":{"line":189,"type":"if","locations":[{"start":{"line":189,"column":8},"end":{"line":189,"column":8}},{"start":{"line":189,"column":8},"end":{"line":189,"column":8}}]},"10":{"line":196,"type":"if","locations":[{"start":{"line":196,"column":8},"end":{"line":196,"column":8}},{"start":{"line":196,"column":8},"end":{"line":196,"column":8}}]},"11":{"line":200,"type":"if","locations":[{"start":{"line":200,"column":8},"end":{"line":200,"column":8}},{"start":{"line":200,"column":8},"end":{"line":200,"column":8}}]},"12":{"line":200,"type":"cond-expr","locations":[{"start":{"line":200,"column":12},"end":{"line":200,"column":37}},{"start":{"line":200,"column":42},"end":{"line":200,"column":69}}]},"13":{"line":244,"type":"if","locations":[{"start":{"line":244,"column":18},"end":{"line":244,"column":18}},{"start":{"line":245,"column":18},"end":{"line":245,"column":95}}]},"14":{"line":272,"type":"if","locations":[{"start":{"line":272,"column":12},"end":{"line":272,"column":12}},{"start":{"line":272,"column":12},"end":{"line":272,"column":12}}]},"15":{"line":277,"type":"if","locations":[{"start":{"line":277,"column":12},"end":{"line":277,"column":12}},{"start":{"line":277,"column":12},"end":{"line":277,"column":12}}]},"16":{"line":290,"type":"if","locations":[{"start":{"line":290,"column":12},"end":{"line":290,"column":12}},{"start":{"line":290,"column":12},"end":{"line":290,"column":12}}]},"17":{"line":297,"type":"if","locations":[{"start":{"line":297,"column":18},"end":{"line":297,"column":18}},{"start":{"line":298,"column":18},"end":{"line":298,"column":62}}]},"18":{"line":320,"type":"if","locations":[{"start":{"line":320,"column":8},"end":{"line":320,"column":8}},{"start":{"line":320,"column":8},"end":{"line":320,"column":8}}]},"19":{"line":336,"type":"if","locations":[{"start":{"line":336,"column":8},"end":{"line":336,"column":8}},{"start":{"line":336,"column":8},"end":{"line":336,"column":8}}]},"20":{"line":367,"type":"if","locations":[{"start":{"line":367,"column":8},"end":{"line":367,"column":8}},{"start":{"line":367,"column":8},"end":{"line":367,"column":8}}]},"21":{"line":402,"type":"if","locations":[{"start":{"line":402,"column":78},"end":{"line":402,"column":78}},{"start":{"line":402,"column":78},"end":{"line":402,"column":78}}]},"22":{"line":404,"type":"if","locations":[{"start":{"line":404,"column":8},"end":{"line":404,"column":8}},{"start":{"line":404,"column":8},"end":{"line":404,"column":8}}]},"23":{"line":418,"type":"if","locations":[{"start":{"line":418,"column":64},"end":{"line":418,"column":64}},{"start":{"line":418,"column":64},"end":{"line":418,"column":64}}]},"24":{"line":422,"type":"if","locations":[{"start":{"line":422,"column":8},"end":{"line":422,"column":8}},{"start":{"line":422,"column":8},"end":{"line":422,"column":8}}]},"25":{"line":436,"type":"if","locations":[{"start":{"line":436,"column":65},"end":{"line":436,"column":65}},{"start":{"line":436,"column":65},"end":{"line":436,"column":65}}]},"26":{"line":437,"type":"if","locations":[{"start":{"line":437,"column":8},"end":{"line":437,"column":8}},{"start":{"line":437,"column":8},"end":{"line":437,"column":8}}]},"27":{"line":442,"type":"if","locations":[{"start":{"line":442,"column":70},"end":{"line":442,"column":70}},{"start":{"line":442,"column":70},"end":{"line":442,"column":70}}]},"28":{"line":443,"type":"if","locations":[{"start":{"line":443,"column":8},"end":{"line":443,"column":8}},{"start":{"line":443,"column":8},"end":{"line":443,"column":8}}]},"29":{"line":454,"type":"if","locations":[{"start":{"line":454,"column":8},"end":{"line":454,"column":8}},{"start":{"line":454,"column":8},"end":{"line":454,"column":8}}]},"30":{"line":471,"type":"if","locations":[{"start":{"line":471,"column":12},"end":{"line":471,"column":12}},{"start":{"line":471,"column":12},"end":{"line":471,"column":12}}]},"31":{"line":478,"type":"if","locations":[{"start":{"line":478,"column":8},"end":{"line":478,"column":8}},{"start":{"line":478,"column":8},"end":{"line":478,"column":8}}]},"32":{"line":525,"type":"if","locations":[{"start":{"line":525,"column":13},"end":{"line":525,"column":13}},{"start":{"line":525,"column":13},"end":{"line":525,"column":13}}]},"33":{"line":545,"type":"if","locations":[{"start":{"line":545,"column":15},"end":{"line":545,"column":15}},{"start":{"line":545,"column":15},"end":{"line":545,"column":15}}]},"34":{"line":554,"type":"if","locations":[{"start":{"line":554,"column":90},"end":{"line":554,"column":90}},{"start":{"line":554,"column":90},"end":{"line":554,"column":90}}]},"35":{"line":555,"type":"if","locations":[{"start":{"line":555,"column":8},"end":{"line":555,"column":8}},{"start":{"line":555,"column":8},"end":{"line":555,"column":8}}]},"36":{"line":563,"type":"if","locations":[{"start":{"line":563,"column":8},"end":{"line":563,"column":8}},{"start":{"line":563,"column":8},"end":{"line":563,"column":8}}]}}},"contracts/AgentRewardV3.sol":{"l":{"47":0,"48":0,"50":0,"56":0,"57":0,"58":0,"59":0,"67":0,"68":0,"69":0,"70":0,"71":0,"75":0,"81":0,"82":0,"83":0,"85":0,"89":0,"93":0,"97":0,"101":0,"109":0,"110":0,"124":0,"126":0,"128":0,"130":0,"132":0,"133":0,"134":0,"135":0,"137":0,"138":0,"139":0,"140":0,"143":0,"144":0,"147":0,"149":0,"152":0,"153":0,"154":0,"164":0,"165":0,"167":0,"169":0,"171":0,"173":0,"177":0,"181":0,"182":0,"183":0,"184":0,"197":0,"198":0,"199":0,"200":0,"201":0,"202":0,"203":0,"204":0,"205":0,"206":0,"207":0,"208":0,"210":0,"218":0,"219":0,"220":0,"221":0,"222":0,"223":0,"224":0,"225":0,"226":0,"227":0,"228":0,"230":0,"238":0,"239":0,"240":0,"241":0,"249":0,"250":0,"251":0,"252":0,"257":0,"261":0,"262":0,"263":0,"264":0,"266":0,"267":0,"268":0,"270":0,"272":0,"276":0,"277":0,"278":0,"279":0,"281":0,"282":0,"283":0,"285":0,"287":0,"291":0,"292":0,"293":0,"294":0,"295":0,"296":0,"297":0,"298":0,"300":0,"301":0,"302":0,"305":0,"309":0,"310":0,"311":0,"312":0,"313":0,"314":0,"315":0,"316":0,"318":0,"319":0,"320":0,"323":0,"331":0,"336":0,"340":0,"341":0,"343":0},"path":"/home/cohee/Projects/My-Auditing-Projects/2025-04-virtuals-protocol/contracts/AgentRewardV3.sol","s":{"1":0,"2":0,"3":0,"4":0,"5":0,"6":0,"7":0,"8":0,"9":0,"10":0,"11":0,"12":0,"13":0,"14":0,"15":0,"16":0,"17":0,"18":0,"19":0,"20":0,"21":0,"22":0,"23":0,"24":0,"25":0,"26":0,"27":0,"28":0,"29":0,"30":0,"31":0,"32":0,"33":0,"34":0,"35":0,"36":0,"37":0,"38":0,"39":0,"40":0,"41":0,"42":0,"43":0,"44":0,"45":0,"46":0,"47":0,"48":0,"49":0,"50":0,"51":0,"52":0,"53":0,"54":0,"55":0,"56":0,"57":0,"58":0,"59":0,"60":0,"61":0,"62":0,"63":0,"64":0,"65":0,"66":0,"67":0,"68":0,"69":0,"70":0,"71":0,"72":0,"73":0,"74":0,"75":0,"76":0,"77":0,"78":0,"79":0,"80":0,"81":0,"82":0,"83":0,"84":0,"85":0,"86":0,"87":0,"88":0,"89":0,"90":0,"91":0,"92":0,"93":0,"94":0,"95":0,"96":0,"97":0,"98":0},"b":{"1":[0,0],"2":[0,0],"3":[0,0],"4":[0,0],"5":[0,0],"6":[0,0],"7":[0,0],"8":[0,0],"9":[0,0],"10":[0,0],"11":[0,0],"12":[0,0],"13":[0,0],"14":[0,0]},"f":{"1":0,"2":0,"3":0,"4":0,"5":0,"6":0,"7":0,"8":0,"9":0,"10":0,"11":0,"12":0,"13":0,"14":0,"15":0,"16":0,"17":0,"18":0,"19":0,"20":0,"21":0,"22":0,"23":0,"24":0},"fnMap":{"1":{"name":"onlyGov","line":46,"loc":{"start":{"line":46,"column":4},"end":{"line":51,"column":4}}},"2":{"name":"noReentrant","line":55,"loc":{"start":{"line":55,"column":4},"end":{"line":60,"column":4}}},"3":{"name":"initialize","line":66,"loc":{"start":{"line":62,"column":4},"end":{"line":72,"column":4}}},"4":{"name":"getRewardSettings","line":74,"loc":{"start":{"line":74,"column":4},"end":{"line":76,"column":4}}},"5":{"name":"getPastRewardSettings","line":78,"loc":{"start":{"line":78,"column":4},"end":{"line":86,"column":4}}},"6":{"name":"getReward","line":88,"loc":{"start":{"line":88,"column":4},"end":{"line":90,"column":4}}},"7":{"name":"getAgentReward","line":92,"loc":{"start":{"line":92,"column":4},"end":{"line":94,"column":4}}},"8":{"name":"agentRewardCount","line":96,"loc":{"start":{"line":96,"column":4},"end":{"line":98,"column":4}}},"9":{"name":"rewardCount","line":100,"loc":{"start":{"line":100,"column":4},"end":{"line":102,"column":4}}},"10":{"name":"getLPValue","line":108,"loc":{"start":{"line":108,"column":4},"end":{"line":111,"column":4}}},"11":{"name":"distributeRewards","line":123,"loc":{"start":{"line":119,"column":4},"end":{"line":156,"column":4}}},"12":{"name":"_distributeAgentReward","line":158,"loc":{"start":{"line":158,"column":4},"end":{"line":178,"column":4}}},"13":{"name":"_distributeProtocolRewards","line":180,"loc":{"start":{"line":180,"column":4},"end":{"line":185,"column":4}}},"14":{"name":"getClaimableStakerRewards","line":193,"loc":{"start":{"line":193,"column":4},"end":{"line":212,"column":4}}},"15":{"name":"getClaimableValidatorRewards","line":214,"loc":{"start":{"line":214,"column":4},"end":{"line":232,"column":4}}},"16":{"name":"getTotalClaimableStakerRewards","line":234,"loc":{"start":{"line":234,"column":4},"end":{"line":243,"column":4}}},"17":{"name":"getTotalClaimableValidatorRewards","line":245,"loc":{"start":{"line":245,"column":4},"end":{"line":254,"column":4}}},"18":{"name":"getAgentRewardCount","line":256,"loc":{"start":{"line":256,"column":4},"end":{"line":258,"column":4}}},"19":{"name":"claimStakerRewards","line":260,"loc":{"start":{"line":260,"column":4},"end":{"line":273,"column":4}}},"20":{"name":"claimValidatorRewards","line":275,"loc":{"start":{"line":275,"column":4},"end":{"line":288,"column":4}}},"21":{"name":"claimAllStakerRewards","line":290,"loc":{"start":{"line":290,"column":4},"end":{"line":306,"column":4}}},"22":{"name":"claimAllValidatorRewards","line":308,"loc":{"start":{"line":308,"column":4},"end":{"line":324,"column":4}}},"23":{"name":"setRewardSettings","line":330,"loc":{"start":{"line":330,"column":4},"end":{"line":337,"column":4}}},"24":{"name":"updateRefContracts","line":339,"loc":{"start":{"line":339,"column":4},"end":{"line":344,"column":4}}}},"statementMap":{"1":{"start":{"line":47,"column":8},"end":{"line":47,"column":1851}},"2":{"start":{"line":56,"column":8},"end":{"line":56,"column":41}},"3":{"start":{"line":69,"column":8},"end":{"line":69,"column":41}},"4":{"start":{"line":70,"column":8},"end":{"line":70,"column":51}},"5":{"start":{"line":75,"column":8},"end":{"line":75,"column":39}},"6":{"start":{"line":81,"column":8},"end":{"line":81,"column":65}},"7":{"start":{"line":82,"column":8},"end":{"line":82,"column":2871}},"8":{"start":{"line":85,"column":8},"end":{"line":85,"column":59}},"9":{"start":{"line":89,"column":8},"end":{"line":89,"column":28}},"10":{"start":{"line":93,"column":8},"end":{"line":93,"column":44}},"11":{"start":{"line":97,"column":8},"end":{"line":97,"column":46}},"12":{"start":{"line":101,"column":8},"end":{"line":101,"column":30}},"13":{"start":{"line":109,"column":8},"end":{"line":109,"column":66}},"14":{"start":{"line":110,"column":8},"end":{"line":110,"column":48}},"15":{"start":{"line":124,"column":8},"end":{"line":124,"column":44}},"16":{"start":{"line":126,"column":8},"end":{"line":126,"column":80}},"17":{"start":{"line":128,"column":8},"end":{"line":128,"column":88}},"18":{"start":{"line":130,"column":8},"end":{"line":130,"column":97}},"19":{"start":{"line":132,"column":8},"end":{"line":132,"column":49}},"20":{"start":{"line":133,"column":8},"end":{"line":133,"column":45}},"21":{"start":{"line":134,"column":8},"end":{"line":134,"column":45}},"22":{"start":{"line":135,"column":8},"end":{"line":135,"column":63}},"23":{"start":{"line":137,"column":8},"end":{"line":137,"column":33}},"24":{"start":{"line":138,"column":8},"end":{"line":138,"column":4765}},"25":{"start":{"line":143,"column":8},"end":{"line":143,"column":4921}},"26":{"start":{"line":144,"column":12},"end":{"line":144,"column":38}},"27":{"start":{"line":147,"column":8},"end":{"line":147,"column":73}},"28":{"start":{"line":149,"column":8},"end":{"line":149,"column":47}},"29":{"start":{"line":152,"column":8},"end":{"line":152,"column":5218}},"30":{"start":{"line":153,"column":12},"end":{"line":153,"column":45}},"31":{"start":{"line":154,"column":12},"end":{"line":154,"column":108}},"32":{"start":{"line":164,"column":8},"end":{"line":164,"column":52}},"33":{"start":{"line":165,"column":8},"end":{"line":165,"column":43}},"34":{"start":{"line":167,"column":8},"end":{"line":167,"column":56}},"35":{"start":{"line":169,"column":8},"end":{"line":169,"column":77}},"36":{"start":{"line":171,"column":8},"end":{"line":171,"column":90}},"37":{"start":{"line":173,"column":8},"end":{"line":173,"column":5975}},"38":{"start":{"line":177,"column":8},"end":{"line":177,"column":53}},"39":{"start":{"line":181,"column":8},"end":{"line":181,"column":99}},"40":{"start":{"line":182,"column":8},"end":{"line":182,"column":87}},"41":{"start":{"line":184,"column":8},"end":{"line":184,"column":29}},"42":{"start":{"line":197,"column":8},"end":{"line":197,"column":62}},"43":{"start":{"line":199,"column":8},"end":{"line":199,"column":95}},"44":{"start":{"line":200,"column":8},"end":{"line":200,"column":81}},"45":{"start":{"line":201,"column":8},"end":{"line":201,"column":7315}},"46":{"start":{"line":202,"column":12},"end":{"line":202,"column":73}},"47":{"start":{"line":203,"column":12},"end":{"line":203,"column":69}},"48":{"start":{"line":204,"column":12},"end":{"line":204,"column":85}},"49":{"start":{"line":205,"column":12},"end":{"line":205,"column":76}},"50":{"start":{"line":206,"column":12},"end":{"line":206,"column":88}},"51":{"start":{"line":207,"column":12},"end":{"line":207,"column":102}},"52":{"start":{"line":218,"column":8},"end":{"line":218,"column":65}},"53":{"start":{"line":220,"column":8},"end":{"line":220,"column":81}},"54":{"start":{"line":221,"column":8},"end":{"line":221,"column":81}},"55":{"start":{"line":222,"column":8},"end":{"line":222,"column":8522}},"56":{"start":{"line":223,"column":12},"end":{"line":223,"column":73}},"57":{"start":{"line":224,"column":12},"end":{"line":224,"column":69}},"58":{"start":{"line":225,"column":12},"end":{"line":225,"column":74}},"59":{"start":{"line":226,"column":12},"end":{"line":226,"column":77}},"60":{"start":{"line":227,"column":12},"end":{"line":227,"column":101}},"61":{"start":{"line":238,"column":8},"end":{"line":238,"column":9301}},"62":{"start":{"line":239,"column":12},"end":{"line":239,"column":45}},"63":{"start":{"line":240,"column":12},"end":{"line":240,"column":81}},"64":{"start":{"line":249,"column":8},"end":{"line":249,"column":9706}},"65":{"start":{"line":250,"column":12},"end":{"line":250,"column":45}},"66":{"start":{"line":251,"column":12},"end":{"line":251,"column":84}},"67":{"start":{"line":257,"column":8},"end":{"line":257,"column":46}},"68":{"start":{"line":261,"column":8},"end":{"line":261,"column":38}},"69":{"start":{"line":262,"column":8},"end":{"line":262,"column":30}},"70":{"start":{"line":263,"column":8},"end":{"line":263,"column":26}},"71":{"start":{"line":266,"column":8},"end":{"line":266,"column":63}},"72":{"start":{"line":270,"column":8},"end":{"line":270,"column":64}},"73":{"start":{"line":272,"column":8},"end":{"line":272,"column":80}},"74":{"start":{"line":276,"column":8},"end":{"line":276,"column":38}},"75":{"start":{"line":277,"column":8},"end":{"line":277,"column":30}},"76":{"start":{"line":278,"column":8},"end":{"line":278,"column":26}},"77":{"start":{"line":281,"column":8},"end":{"line":281,"column":66}},"78":{"start":{"line":285,"column":8},"end":{"line":285,"column":64}},"79":{"start":{"line":287,"column":8},"end":{"line":287,"column":71}},"80":{"start":{"line":291,"column":8},"end":{"line":291,"column":38}},"81":{"start":{"line":292,"column":8},"end":{"line":292,"column":30}},"82":{"start":{"line":293,"column":8},"end":{"line":293,"column":11384}},"83":{"start":{"line":294,"column":12},"end":{"line":294,"column":45}},"84":{"start":{"line":295,"column":12},"end":{"line":295,"column":29}},"85":{"start":{"line":296,"column":12},"end":{"line":296,"column":30}},"86":{"start":{"line":300,"column":12},"end":{"line":300,"column":67}},"87":{"start":{"line":305,"column":8},"end":{"line":305,"column":64}},"88":{"start":{"line":309,"column":8},"end":{"line":309,"column":38}},"89":{"start":{"line":310,"column":8},"end":{"line":310,"column":30}},"90":{"start":{"line":311,"column":8},"end":{"line":311,"column":12079}},"91":{"start":{"line":312,"column":12},"end":{"line":312,"column":45}},"92":{"start":{"line":313,"column":12},"end":{"line":313,"column":29}},"93":{"start":{"line":314,"column":12},"end":{"line":314,"column":30}},"94":{"start":{"line":318,"column":12},"end":{"line":318,"column":70}},"95":{"start":{"line":323,"column":8},"end":{"line":323,"column":64}},"96":{"start":{"line":331,"column":8},"end":{"line":331,"column":12788}},"97":{"start":{"line":336,"column":8},"end":{"line":336,"column":66}},"98":{"start":{"line":343,"column":8},"end":{"line":343,"column":57}}},"branchMap":{"1":{"line":47,"type":"if","locations":[{"start":{"line":47,"column":8},"end":{"line":47,"column":8}},{"start":{"line":47,"column":8},"end":{"line":47,"column":8}}]},"2":{"line":56,"type":"if","locations":[{"start":{"line":56,"column":8},"end":{"line":56,"column":8}},{"start":{"line":56,"column":8},"end":{"line":56,"column":8}}]},"3":{"line":66,"type":"if","locations":[{"start":{"line":66,"column":15},"end":{"line":66,"column":15}},{"start":{"line":66,"column":15},"end":{"line":66,"column":15}}]},"4":{"line":82,"type":"if","locations":[{"start":{"line":82,"column":8},"end":{"line":82,"column":8}},{"start":{"line":82,"column":8},"end":{"line":82,"column":8}}]},"5":{"line":123,"type":"if","locations":[{"start":{"line":123,"column":13},"end":{"line":123,"column":13}},{"start":{"line":123,"column":13},"end":{"line":123,"column":13}}]},"6":{"line":124,"type":"if","locations":[{"start":{"line":124,"column":8},"end":{"line":124,"column":8}},{"start":{"line":124,"column":8},"end":{"line":124,"column":8}}]},"7":{"line":130,"type":"if","locations":[{"start":{"line":130,"column":59},"end":{"line":130,"column":92}},{"start":{"line":130,"column":96},"end":{"line":130,"column":96}}]},"8":{"line":143,"type":"if","locations":[{"start":{"line":143,"column":8},"end":{"line":143,"column":8}},{"start":{"line":143,"column":8},"end":{"line":143,"column":8}}]},"9":{"line":260,"type":"if","locations":[{"start":{"line":260,"column":58},"end":{"line":260,"column":58}},{"start":{"line":260,"column":58},"end":{"line":260,"column":58}}]},"10":{"line":275,"type":"if","locations":[{"start":{"line":275,"column":61},"end":{"line":275,"column":61}},{"start":{"line":275,"column":61},"end":{"line":275,"column":61}}]},"11":{"line":290,"type":"if","locations":[{"start":{"line":290,"column":71},"end":{"line":290,"column":71}},{"start":{"line":290,"column":71},"end":{"line":290,"column":71}}]},"12":{"line":308,"type":"if","locations":[{"start":{"line":308,"column":74},"end":{"line":308,"column":74}},{"start":{"line":308,"column":74},"end":{"line":308,"column":74}}]},"13":{"line":330,"type":"if","locations":[{"start":{"line":330,"column":84},"end":{"line":330,"column":84}},{"start":{"line":330,"column":84},"end":{"line":330,"column":84}}]},"14":{"line":339,"type":"if","locations":[{"start":{"line":339,"column":82},"end":{"line":339,"column":82}},{"start":{"line":339,"column":82},"end":{"line":339,"column":82}}]}}},"contracts/contribution/ContributionNft.sol":{"l":{"39":0,"43":0,"44":0,"45":0,"47":0,"48":0,"52":0,"56":0,"60":0,"61":0,"62":0,"75":0,"76":0,"80":0,"82":0,"83":0,"84":0,"85":0,"86":0,"87":0,"89":0,"90":0,"91":0,"94":0,"96":0,"100":0,"104":0,"105":0,"113":0,"117":0,"121":0,"125":0,"131":0,"138":0,"146":0,"150":0,"154":0,"158":0,"162":0,"166":0,"167":0},"path":"/home/cohee/Projects/My-Auditing-Projects/2025-04-virtuals-protocol/contracts/contribution/ContributionNft.sol","s":{"1":0,"2":0,"3":0,"4":0,"5":0,"6":0,"7":0,"8":0,"9":0,"10":0,"11":0,"12":0,"13":0,"14":0,"15":0,"16":0,"17":0,"18":0,"19":0,"20":0,"21":0,"22":0,"23":0,"24":0,"25":0,"26":0,"27":0,"28":0,"29":0,"30":0,"31":0,"32":0},"b":{"1":[0,0],"2":[0,0],"3":[0,0],"4":[0,0],"5":[0,0],"6":[0,0]},"f":{"1":0,"2":0,"3":0,"4":0,"5":0,"6":0,"7":0,"8":0,"9":0,"10":0,"11":0,"12":0,"13":0,"14":0,"15":0,"16":0,"17":0,"18":0,"19":0,"20":0},"fnMap":{"1":{"name":"constructor","line":38,"loc":{"start":{"line":38,"column":4},"end":{"line":40,"column":4}}},"2":{"name":"initialize","line":42,"loc":{"start":{"line":42,"column":4},"end":{"line":49,"column":4}}},"3":{"name":"tokenVirtualId","line":51,"loc":{"start":{"line":51,"column":4},"end":{"line":53,"column":4}}},"4":{"name":"getAgentDAO","line":55,"loc":{"start":{"line":55,"column":4},"end":{"line":57,"column":4}}},"5":{"name":"isAccepted","line":59,"loc":{"start":{"line":59,"column":4},"end":{"line":63,"column":4}}},"6":{"name":"mint","line":65,"loc":{"start":{"line":65,"column":4},"end":{"line":97,"column":4}}},"7":{"name":"getAdmin","line":99,"loc":{"start":{"line":99,"column":4},"end":{"line":101,"column":4}}},"8":{"name":"setAdmin","line":103,"loc":{"start":{"line":103,"column":4},"end":{"line":106,"column":4}}},"9":{"name":"tokenURI","line":110,"loc":{"start":{"line":110,"column":4},"end":{"line":114,"column":4}}},"10":{"name":"getChildren","line":116,"loc":{"start":{"line":116,"column":4},"end":{"line":118,"column":4}}},"11":{"name":"getParentId","line":120,"loc":{"start":{"line":120,"column":4},"end":{"line":122,"column":4}}},"12":{"name":"getCore","line":124,"loc":{"start":{"line":124,"column":4},"end":{"line":126,"column":4}}},"13":{"name":"supportsInterface","line":128,"loc":{"start":{"line":128,"column":4},"end":{"line":132,"column":4}}},"14":{"name":"_increaseBalance","line":134,"loc":{"start":{"line":134,"column":4},"end":{"line":139,"column":4}}},"15":{"name":"_update","line":141,"loc":{"start":{"line":141,"column":4},"end":{"line":147,"column":4}}},"16":{"name":"isModel","line":149,"loc":{"start":{"line":149,"column":4},"end":{"line":151,"column":4}}},"17":{"name":"ownerOf","line":153,"loc":{"start":{"line":153,"column":4},"end":{"line":155,"column":4}}},"18":{"name":"getDatasetId","line":157,"loc":{"start":{"line":157,"column":4},"end":{"line":159,"column":4}}},"19":{"name":"getEloCalculator","line":161,"loc":{"start":{"line":161,"column":4},"end":{"line":163,"column":4}}},"20":{"name":"setEloCalculator","line":165,"loc":{"start":{"line":165,"column":4},"end":{"line":168,"column":4}}}},"statementMap":{"1":{"start":{"line":39,"column":8},"end":{"line":39,"column":29}},"2":{"start":{"line":43,"column":8},"end":{"line":43,"column":42}},"3":{"start":{"line":44,"column":8},"end":{"line":44,"column":32}},"4":{"start":{"line":45,"column":8},"end":{"line":45,"column":32}},"5":{"start":{"line":52,"column":8},"end":{"line":52,"column":46}},"6":{"start":{"line":56,"column":8},"end":{"line":56,"column":74}},"7":{"start":{"line":60,"column":8},"end":{"line":60,"column":59}},"8":{"start":{"line":61,"column":8},"end":{"line":61,"column":53}},"9":{"start":{"line":62,"column":8},"end":{"line":62,"column":77}},"10":{"start":{"line":75,"column":8},"end":{"line":75,"column":53}},"11":{"start":{"line":76,"column":8},"end":{"line":76,"column":2691}},"12":{"start":{"line":80,"column":8},"end":{"line":80,"column":68}},"13":{"start":{"line":82,"column":8},"end":{"line":82,"column":28}},"14":{"start":{"line":83,"column":8},"end":{"line":83,"column":44}},"15":{"start":{"line":86,"column":8},"end":{"line":86,"column":43}},"16":{"start":{"line":89,"column":8},"end":{"line":89,"column":3180}},"17":{"start":{"line":94,"column":8},"end":{"line":94,"column":72}},"18":{"start":{"line":96,"column":8},"end":{"line":96,"column":25}},"19":{"start":{"line":100,"column":8},"end":{"line":100,"column":21}},"20":{"start":{"line":104,"column":8},"end":{"line":104,"column":66}},"21":{"start":{"line":113,"column":8},"end":{"line":113,"column":38}},"22":{"start":{"line":117,"column":8},"end":{"line":117,"column":33}},"23":{"start":{"line":121,"column":8},"end":{"line":121,"column":32}},"24":{"start":{"line":125,"column":8},"end":{"line":125,"column":30}},"25":{"start":{"line":131,"column":8},"end":{"line":131,"column":51}},"26":{"start":{"line":138,"column":8},"end":{"line":138,"column":54}},"27":{"start":{"line":146,"column":8},"end":{"line":146,"column":47}},"28":{"start":{"line":150,"column":8},"end":{"line":150,"column":42}},"29":{"start":{"line":154,"column":8},"end":{"line":154,"column":32}},"30":{"start":{"line":158,"column":8},"end":{"line":158,"column":37}},"31":{"start":{"line":162,"column":8},"end":{"line":162,"column":29}},"32":{"start":{"line":166,"column":8},"end":{"line":166,"column":75}}},"branchMap":{"1":{"line":42,"type":"if","locations":[{"start":{"line":42,"column":58},"end":{"line":42,"column":58}},{"start":{"line":42,"column":58},"end":{"line":42,"column":58}}]},"2":{"line":76,"type":"if","locations":[{"start":{"line":76,"column":8},"end":{"line":76,"column":8}},{"start":{"line":76,"column":8},"end":{"line":76,"column":8}}]},"3":{"line":80,"type":"if","locations":[{"start":{"line":80,"column":8},"end":{"line":80,"column":8}},{"start":{"line":80,"column":8},"end":{"line":80,"column":8}}]},"4":{"line":89,"type":"if","locations":[{"start":{"line":89,"column":8},"end":{"line":89,"column":8}},{"start":{"line":89,"column":8},"end":{"line":89,"column":8}}]},"5":{"line":104,"type":"if","locations":[{"start":{"line":104,"column":8},"end":{"line":104,"column":8}},{"start":{"line":104,"column":8},"end":{"line":104,"column":8}}]},"6":{"line":166,"type":"if","locations":[{"start":{"line":166,"column":8},"end":{"line":166,"column":8}},{"start":{"line":166,"column":8},"end":{"line":166,"column":8}}]}}},"contracts/contribution/IContributionNft.sol":{"l":{},"path":"/home/cohee/Projects/My-Auditing-Projects/2025-04-virtuals-protocol/contracts/contribution/IContributionNft.sol","s":{},"b":{},"f":{},"fnMap":{},"statementMap":{},"branchMap":{}},"contracts/contribution/IServiceNft.sol":{"l":{},"path":"/home/cohee/Projects/My-Auditing-Projects/2025-04-virtuals-protocol/contracts/contribution/IServiceNft.sol","s":{},"b":{},"f":{},"fnMap":{},"statementMap":{},"branchMap":{}},"contracts/contribution/ServiceNft.sol":{"l":{"41":0,"49":0,"50":0,"51":0,"52":0,"53":0,"54":0,"55":0,"59":0,"60":0,"62":0,"63":0,"64":0,"65":0,"66":0,"67":0,"68":0,"69":0,"70":0,"71":0,"72":0,"74":0,"76":0,"77":0,"78":0,"79":0,"80":0,"82":0,"85":0,"87":0,"93":0,"94":0,"97":0,"99":0,"100":0,"101":0,"102":0,"103":0,"104":0,"107":0,"111":0,"112":0,"116":0,"117":0,"121":0,"122":0,"126":0,"130":0,"134":0,"138":0,"142":0,"143":0,"152":0,"158":0,"165":0,"173":0},"path":"/home/cohee/Projects/My-Auditing-Projects/2025-04-virtuals-protocol/contracts/contribution/ServiceNft.sol","s":{"1":0,"2":0,"3":0,"4":0,"5":0,"6":0,"7":0,"8":0,"9":0,"10":0,"11":0,"12":0,"13":0,"14":0,"15":0,"16":0,"17":0,"18":0,"19":0,"20":0,"21":0,"22":0,"23":0,"24":0,"25":0,"26":0,"27":0,"28":0,"29":0,"30":0,"31":0,"32":0,"33":0,"34":0,"35":0,"36":0,"37":0,"38":0,"39":0,"40":0,"41":0,"42":0},"b":{"1":[0,0],"2":[0,0],"3":[0,0],"4":[0,0],"5":[0,0],"6":[0,0]},"f":{"1":0,"2":0,"3":0,"4":0,"5":0,"6":0,"7":0,"8":0,"9":0,"10":0,"11":0,"12":0,"13":0,"14":0,"15":0,"16":0},"fnMap":{"1":{"name":"constructor","line":40,"loc":{"start":{"line":40,"column":4},"end":{"line":42,"column":4}}},"2":{"name":"initialize","line":48,"loc":{"start":{"line":44,"column":4},"end":{"line":56,"column":4}}},"3":{"name":"mint","line":58,"loc":{"start":{"line":58,"column":4},"end":{"line":88,"column":4}}},"4":{"name":"updateImpact","line":90,"loc":{"start":{"line":90,"column":4},"end":{"line":108,"column":4}}},"5":{"name":"getCore","line":110,"loc":{"start":{"line":110,"column":4},"end":{"line":113,"column":4}}},"6":{"name":"getMaturity","line":115,"loc":{"start":{"line":115,"column":4},"end":{"line":118,"column":4}}},"7":{"name":"getImpact","line":120,"loc":{"start":{"line":120,"column":4},"end":{"line":123,"column":4}}},"8":{"name":"getCoreService","line":125,"loc":{"start":{"line":125,"column":4},"end":{"line":127,"column":4}}},"9":{"name":"getCoreDatasetAt","line":129,"loc":{"start":{"line":129,"column":4},"end":{"line":131,"column":4}}},"10":{"name":"totalCoreDatasets","line":133,"loc":{"start":{"line":133,"column":4},"end":{"line":135,"column":4}}},"11":{"name":"getCoreDatasets","line":137,"loc":{"start":{"line":137,"column":4},"end":{"line":139,"column":4}}},"12":{"name":"setDatasetImpactWeight","line":141,"loc":{"start":{"line":141,"column":4},"end":{"line":144,"column":4}}},"13":{"name":"tokenURI","line":148,"loc":{"start":{"line":148,"column":4},"end":{"line":153,"column":4}}},"14":{"name":"supportsInterface","line":155,"loc":{"start":{"line":155,"column":4},"end":{"line":159,"column":4}}},"15":{"name":"_increaseBalance","line":161,"loc":{"start":{"line":161,"column":4},"end":{"line":166,"column":4}}},"16":{"name":"_update","line":168,"loc":{"start":{"line":168,"column":4},"end":{"line":174,"column":4}}}},"statementMap":{"1":{"start":{"line":41,"column":8},"end":{"line":41,"column":29}},"2":{"start":{"line":49,"column":8},"end":{"line":49,"column":37}},"3":{"start":{"line":50,"column":8},"end":{"line":50,"column":32}},"4":{"start":{"line":51,"column":8},"end":{"line":51,"column":32}},"5":{"start":{"line":52,"column":8},"end":{"line":52,"column":35}},"6":{"start":{"line":59,"column":8},"end":{"line":59,"column":88}},"7":{"start":{"line":60,"column":8},"end":{"line":60,"column":69}},"8":{"start":{"line":62,"column":8},"end":{"line":62,"column":50}},"9":{"start":{"line":63,"column":8},"end":{"line":63,"column":105}},"10":{"start":{"line":64,"column":8},"end":{"line":64,"column":51}},"11":{"start":{"line":66,"column":8},"end":{"line":66,"column":50}},"12":{"start":{"line":68,"column":8},"end":{"line":68,"column":49}},"13":{"start":{"line":70,"column":8},"end":{"line":70,"column":90}},"14":{"start":{"line":71,"column":8},"end":{"line":71,"column":34}},"15":{"start":{"line":76,"column":8},"end":{"line":76,"column":76}},"16":{"start":{"line":77,"column":8},"end":{"line":77,"column":3221}},"17":{"start":{"line":78,"column":12},"end":{"line":78,"column":78}},"18":{"start":{"line":79,"column":12},"end":{"line":79,"column":46}},"19":{"start":{"line":82,"column":12},"end":{"line":82,"column":72}},"20":{"start":{"line":85,"column":8},"end":{"line":85,"column":111}},"21":{"start":{"line":87,"column":8},"end":{"line":87,"column":25}},"22":{"start":{"line":93,"column":8},"end":{"line":93,"column":76}},"23":{"start":{"line":94,"column":8},"end":{"line":94,"column":3922}},"24":{"start":{"line":97,"column":8},"end":{"line":97,"column":86}},"25":{"start":{"line":100,"column":8},"end":{"line":100,"column":4213}},"26":{"start":{"line":103,"column":12},"end":{"line":103,"column":89}},"27":{"start":{"line":107,"column":8},"end":{"line":107,"column":87}},"28":{"start":{"line":111,"column":8},"end":{"line":111,"column":29}},"29":{"start":{"line":112,"column":8},"end":{"line":112,"column":30}},"30":{"start":{"line":116,"column":8},"end":{"line":116,"column":29}},"31":{"start":{"line":117,"column":8},"end":{"line":117,"column":35}},"32":{"start":{"line":121,"column":8},"end":{"line":121,"column":29}},"33":{"start":{"line":122,"column":8},"end":{"line":122,"column":32}},"34":{"start":{"line":126,"column":8},"end":{"line":126,"column":49}},"35":{"start":{"line":130,"column":8},"end":{"line":130,"column":56}},"36":{"start":{"line":134,"column":8},"end":{"line":134,"column":56}},"37":{"start":{"line":138,"column":8},"end":{"line":138,"column":49}},"38":{"start":{"line":143,"column":8},"end":{"line":143,"column":41}},"39":{"start":{"line":152,"column":8},"end":{"line":152,"column":66}},"40":{"start":{"line":158,"column":8},"end":{"line":158,"column":51}},"41":{"start":{"line":165,"column":8},"end":{"line":165,"column":54}},"42":{"start":{"line":173,"column":8},"end":{"line":173,"column":47}}},"branchMap":{"1":{"line":48,"type":"if","locations":[{"start":{"line":48,"column":13},"end":{"line":48,"column":13}},{"start":{"line":48,"column":13},"end":{"line":48,"column":13}}]},"2":{"line":60,"type":"if","locations":[{"start":{"line":60,"column":8},"end":{"line":60,"column":8}},{"start":{"line":60,"column":8},"end":{"line":60,"column":8}}]},"3":{"line":77,"type":"if","locations":[{"start":{"line":77,"column":8},"end":{"line":77,"column":8}},{"start":{"line":77,"column":8},"end":{"line":77,"column":8}}]},"4":{"line":95,"type":"if","locations":[{"start":{"line":95,"column":14},"end":{"line":95,"column":65}},{"start":{"line":96,"column":14},"end":{"line":96,"column":14}}]},"5":{"line":100,"type":"if","locations":[{"start":{"line":100,"column":8},"end":{"line":100,"column":8}},{"start":{"line":100,"column":8},"end":{"line":100,"column":8}}]},"6":{"line":141,"type":"if","locations":[{"start":{"line":141,"column":58},"end":{"line":141,"column":58}},{"start":{"line":141,"column":58},"end":{"line":141,"column":58}}]}}},"contracts/dev/BMWToken.sol":{"l":{"12":0},"path":"/home/cohee/Projects/My-Auditing-Projects/2025-04-virtuals-protocol/contracts/dev/BMWToken.sol","s":{"1":0},"b":{},"f":{"1":0,"2":0},"fnMap":{"1":{"name":"constructor","line":9,"loc":{"start":{"line":9,"column":4},"end":{"line":9,"column":116}}},"2":{"name":"mint","line":11,"loc":{"start":{"line":11,"column":4},"end":{"line":13,"column":4}}}},"statementMap":{"1":{"start":{"line":12,"column":8},"end":{"line":12,"column":24}}},"branchMap":{}},"contracts/dev/BMWTokenChild.sol":{"l":{"12":0,"16":0,"20":0,"21":0,"25":0,"26":0},"path":"/home/cohee/Projects/My-Auditing-Projects/2025-04-virtuals-protocol/contracts/dev/BMWTokenChild.sol","s":{"1":0,"2":0,"3":0,"4":0},"b":{"1":[0,0],"2":[0,0]},"f":{"1":0,"2":0,"3":0,"4":0},"fnMap":{"1":{"name":"constructor","line":11,"loc":{"start":{"line":11,"column":4},"end":{"line":13,"column":4}}},"2":{"name":"setFxManager","line":15,"loc":{"start":{"line":15,"column":4},"end":{"line":17,"column":4}}},"3":{"name":"mint","line":19,"loc":{"start":{"line":19,"column":4},"end":{"line":22,"column":4}}},"4":{"name":"burn","line":24,"loc":{"start":{"line":24,"column":4},"end":{"line":27,"column":4}}}},"statementMap":{"1":{"start":{"line":20,"column":8},"end":{"line":20,"column":58}},"2":{"start":{"line":21,"column":8},"end":{"line":21,"column":26}},"3":{"start":{"line":25,"column":8},"end":{"line":25,"column":58}},"4":{"start":{"line":26,"column":8},"end":{"line":26,"column":26}}},"branchMap":{"1":{"line":20,"type":"if","locations":[{"start":{"line":20,"column":8},"end":{"line":20,"column":8}},{"start":{"line":20,"column":8},"end":{"line":20,"column":8}}]},"2":{"line":25,"type":"if","locations":[{"start":{"line":25,"column":8},"end":{"line":25,"column":8}},{"start":{"line":25,"column":8},"end":{"line":25,"column":8}}]}}},"contracts/dev/ERC6551BytecodeLib.sol":{"l":{"12":0},"path":"/home/cohee/Projects/My-Auditing-Projects/2025-04-virtuals-protocol/contracts/dev/ERC6551BytecodeLib.sol","s":{"1":0},"b":{},"f":{"1":0},"fnMap":{"1":{"name":"getCreationCode","line":5,"loc":{"start":{"line":5,"column":4},"end":{"line":19,"column":4}}}},"statementMap":{"1":{"start":{"line":12,"column":8},"end":{"line":12,"column":322}}},"branchMap":{}},"contracts/dev/ERC6551Registry.sol":{"l":{"20":0,"30":0},"path":"/home/cohee/Projects/My-Auditing-Projects/2025-04-virtuals-protocol/contracts/dev/ERC6551Registry.sol","s":{"1":0,"2":0},"b":{},"f":{"1":0,"2":0},"fnMap":{"1":{"name":"createAccount","line":13,"loc":{"start":{"line":13,"column":4},"end":{"line":21,"column":4}}},"2":{"name":"account","line":23,"loc":{"start":{"line":23,"column":4},"end":{"line":31,"column":4}}}},"statementMap":{"1":{"start":{"line":20,"column":8},"end":{"line":20,"column":57}},"2":{"start":{"line":30,"column":8},"end":{"line":30,"column":57}}},"branchMap":{}},"contracts/dev/FxERC20ChildTunnel.sol":{"l":{"10":0,"11":0,"16":0,"17":0},"path":"/home/cohee/Projects/My-Auditing-Projects/2025-04-virtuals-protocol/contracts/dev/FxERC20ChildTunnel.sol","s":{"1":0,"2":0,"3":0,"4":0},"b":{},"f":{"1":0,"2":0},"fnMap":{"1":{"name":"syncDeposit","line":9,"loc":{"start":{"line":9,"column":4},"end":{"line":12,"column":4}}},"2":{"name":"withdraw","line":15,"loc":{"start":{"line":15,"column":4},"end":{"line":18,"column":4}}}},"statementMap":{"1":{"start":{"line":10,"column":8},"end":{"line":10,"column":68}},"2":{"start":{"line":11,"column":8},"end":{"line":11,"column":50}},"3":{"start":{"line":16,"column":8},"end":{"line":16,"column":68}},"4":{"start":{"line":17,"column":8},"end":{"line":17,"column":50}}},"branchMap":{}},"contracts/dev/FxERC20RootTunnel.sol":{"l":{"11":0,"21":0},"path":"/home/cohee/Projects/My-Auditing-Projects/2025-04-virtuals-protocol/contracts/dev/FxERC20RootTunnel.sol","s":{"1":0,"2":0},"b":{},"f":{"1":0,"2":0},"fnMap":{"1":{"name":"deposit","line":9,"loc":{"start":{"line":9,"column":4},"end":{"line":16,"column":4}}},"2":{"name":"syncWithdraw","line":19,"loc":{"start":{"line":19,"column":4},"end":{"line":22,"column":4}}}},"statementMap":{"1":{"start":{"line":11,"column":8},"end":{"line":11,"column":345}},"2":{"start":{"line":21,"column":8},"end":{"line":21,"column":57}}},"branchMap":{}},"contracts/dev/ProxyAdmin.sol":{"l":{},"path":"/home/cohee/Projects/My-Auditing-Projects/2025-04-virtuals-protocol/contracts/dev/ProxyAdmin.sol","s":{},"b":{},"f":{"1":0},"fnMap":{"1":{"name":"constructor","line":6,"loc":{"start":{"line":6,"column":4},"end":{"line":6,"column":64}}}},"statementMap":{},"branchMap":{}},"contracts/dev/tba/lib/ERC6551AccountLib.sol":{"l":{"16":0,"20":0,"29":0,"31":0,"34":0,"37":0,"39":0,"41":0,"45":0,"53":0,"57":0,"59":0,"64":0,"68":0,"72":0,"74":0,"79":0,"83":0,"87":0,"89":0,"94":0,"98":0},"path":"/home/cohee/Projects/My-Auditing-Projects/2025-04-virtuals-protocol/contracts/dev/tba/lib/ERC6551AccountLib.sol","s":{"1":0,"2":0,"3":0,"4":0,"5":0,"6":0,"7":0,"8":0,"9":0,"10":0,"11":0,"12":0,"13":0,"14":0,"15":0,"16":0,"17":0,"18":0,"19":0,"20":0,"21":0},"b":{"1":[0,0],"2":[0,0],"3":[0,0]},"f":{"1":0,"2":0,"3":0,"4":0,"5":0,"6":0,"7":0,"8":0,"9":0,"10":0},"fnMap":{"1":{"name":"computeAddress","line":8,"loc":{"start":{"line":8,"column":4},"end":{"line":21,"column":4}}},"2":{"name":"isERC6551Account","line":23,"loc":{"start":{"line":23,"column":4},"end":{"line":42,"column":4}}},"3":{"name":"implementation","line":44,"loc":{"start":{"line":44,"column":4},"end":{"line":50,"column":4}}},"4":{"name":"implementation","line":52,"loc":{"start":{"line":52,"column":4},"end":{"line":54,"column":4}}},"5":{"name":"token","line":56,"loc":{"start":{"line":56,"column":4},"end":{"line":65,"column":4}}},"6":{"name":"token","line":67,"loc":{"start":{"line":67,"column":4},"end":{"line":69,"column":4}}},"7":{"name":"salt","line":71,"loc":{"start":{"line":71,"column":4},"end":{"line":80,"column":4}}},"8":{"name":"salt","line":82,"loc":{"start":{"line":82,"column":4},"end":{"line":84,"column":4}}},"9":{"name":"context","line":86,"loc":{"start":{"line":86,"column":4},"end":{"line":95,"column":4}}},"10":{"name":"context","line":97,"loc":{"start":{"line":97,"column":4},"end":{"line":99,"column":4}}}},"statementMap":{"1":{"start":{"line":16,"column":8},"end":{"line":16,"column":422}},"2":{"start":{"line":20,"column":8},"end":{"line":20,"column":68}},"3":{"start":{"line":29,"column":8},"end":{"line":29,"column":53}},"4":{"start":{"line":29,"column":41},"end":{"line":29,"column":53}},"5":{"start":{"line":31,"column":8},"end":{"line":31,"column":57}},"6":{"start":{"line":34,"column":8},"end":{"line":34,"column":58}},"7":{"start":{"line":34,"column":46},"end":{"line":34,"column":58}},"8":{"start":{"line":37,"column":8},"end":{"line":37,"column":67}},"9":{"start":{"line":37,"column":55},"end":{"line":37,"column":67}},"10":{"start":{"line":39,"column":8},"end":{"line":39,"column":99}},"11":{"start":{"line":41,"column":8},"end":{"line":41,"column":107}},"12":{"start":{"line":53,"column":8},"end":{"line":53,"column":44}},"13":{"start":{"line":57,"column":8},"end":{"line":57,"column":50}},"14":{"start":{"line":64,"column":8},"end":{"line":64,"column":67}},"15":{"start":{"line":68,"column":8},"end":{"line":68,"column":35}},"16":{"start":{"line":72,"column":8},"end":{"line":72,"column":50}},"17":{"start":{"line":79,"column":8},"end":{"line":79,"column":49}},"18":{"start":{"line":83,"column":8},"end":{"line":83,"column":34}},"19":{"start":{"line":87,"column":8},"end":{"line":87,"column":50}},"20":{"start":{"line":94,"column":8},"end":{"line":94,"column":76}},"21":{"start":{"line":98,"column":8},"end":{"line":98,"column":37}}},"branchMap":{"1":{"line":29,"type":"if","locations":[{"start":{"line":29,"column":8},"end":{"line":29,"column":8}},{"start":{"line":29,"column":8},"end":{"line":29,"column":8}}]},"2":{"line":34,"type":"if","locations":[{"start":{"line":34,"column":8},"end":{"line":34,"column":8}},{"start":{"line":34,"column":8},"end":{"line":34,"column":8}}]},"3":{"line":37,"type":"if","locations":[{"start":{"line":37,"column":8},"end":{"line":37,"column":8}},{"start":{"line":37,"column":8},"end":{"line":37,"column":8}}]}}},"contracts/dev/tba/lib/ERC6551BytecodeLib.sol":{"l":{"17":0,"42":0},"path":"/home/cohee/Projects/My-Auditing-Projects/2025-04-virtuals-protocol/contracts/dev/tba/lib/ERC6551BytecodeLib.sol","s":{},"b":{},"f":{"1":0,"2":0},"fnMap":{"1":{"name":"getCreationCode","line":10,"loc":{"start":{"line":10,"column":4},"end":{"line":30,"column":4}}},"2":{"name":"computeAddress","line":37,"loc":{"start":{"line":37,"column":4},"end":{"line":50,"column":4}}}},"statementMap":{},"branchMap":{}},"contracts/fun/Bonding.sol":{"l":{"90":0,"104":0,"105":0,"107":0,"108":0,"110":0,"111":0,"113":0,"114":0,"115":0,"117":0,"118":0,"122":0,"124":0,"126":0,"128":0,"130":0,"134":0,"138":0,"140":0,"144":0,"148":0,"152":0,"153":0,"157":0,"161":0,"163":0,"167":0,"171":0,"173":0,"175":0,"187":0,"200":0,"201":0,"202":0,"203":0,"204":0,"205":0,"207":0,"208":0,"210":0,"212":0,"213":0,"215":0,"216":0,"218":0,"220":0,"234":0,"250":0,"251":0,"253":0,"255":0,"256":0,"258":0,"260":0,"262":0,"263":0,"265":0,"269":0,"271":0,"274":0,"275":0,"276":0,"278":0,"282":0,"284":0,"286":0,"288":0,"290":0,"292":0,"293":0,"294":0,"296":0,"297":0,"298":0,"299":0,"300":0,"304":0,"305":0,"306":0,"307":0,"308":0,"309":0,"311":0,"312":0,"315":0,"319":0,"321":0,"323":0,"325":0,"327":0,"329":0,"330":0,"331":0,"333":0,"334":0,"335":0,"336":0,"337":0,"339":0,"340":0,"341":0,"342":0,"343":0,"344":0,"346":0,"347":0,"350":0,"351":0,"354":0,"358":0,"360":0,"362":0,"364":0,"365":0,"368":0,"370":0,"372":0,"373":0,"375":0,"377":0,"378":0,"390":0,"396":0,"398":0,"400":0,"402":0,"406":0,"407":0,"409":0,"410":0,"411":0,"412":0,"413":0,"414":0,"415":0,"416":0,"417":0},"path":"/home/cohee/Projects/My-Auditing-Projects/2025-04-virtuals-protocol/contracts/fun/Bonding.sol","s":{"1":0,"2":0,"3":0,"4":0,"5":0,"6":0,"7":0,"8":0,"9":0,"10":0,"11":0,"12":0,"13":0,"14":0,"15":0,"16":0,"17":0,"18":0,"19":0,"20":0,"21":0,"22":0,"23":0,"24":0,"25":0,"26":0,"27":0,"28":0,"29":0,"30":0,"31":0,"32":0,"33":0,"34":0,"35":0,"36":0,"37":0,"38":0,"39":0,"40":0,"41":0,"42":0,"43":0,"44":0,"45":0,"46":0,"47":0,"48":0,"49":0,"50":0,"51":0,"52":0,"53":0,"54":0,"55":0,"56":0,"57":0,"58":0,"59":0,"60":0,"61":0,"62":0,"63":0,"64":0,"65":0,"66":0,"67":0,"68":0,"69":0,"70":0,"71":0,"72":0,"73":0,"74":0,"75":0,"76":0,"77":0,"78":0,"79":0,"80":0,"81":0,"82":0,"83":0,"84":0,"85":0,"86":0,"87":0,"88":0,"89":0,"90":0,"91":0,"92":0,"93":0,"94":0,"95":0,"96":0,"97":0,"98":0,"99":0,"100":0,"101":0,"102":0,"103":0},"b":{"1":[0,0],"2":[0,0],"3":[0,0],"4":[0,0],"5":[0,0],"6":[0,0],"7":[0,0],"8":[0,0],"9":[0,0],"10":[0,0],"11":[0,0],"12":[0,0],"13":[0,0],"14":[0,0],"15":[0,0],"16":[0,0],"17":[0,0],"18":[0,0],"19":[0,0],"20":[0,0],"21":[0,0],"22":[0,0],"23":[0,0],"24":[0,0],"25":[0,0],"26":[0,0],"27":[0,0],"28":[0,0]},"f":{"1":0,"2":0,"3":0,"4":0,"5":0,"6":0,"7":0,"8":0,"9":0,"10":0,"11":0,"12":0,"13":0,"14":0,"15":0,"16":0,"17":0,"18":0},"fnMap":{"1":{"name":"constructor","line":89,"loc":{"start":{"line":89,"column":4},"end":{"line":91,"column":4}}},"2":{"name":"initialize","line":103,"loc":{"start":{"line":93,"column":4},"end":{"line":119,"column":4}}},"3":{"name":"_createUserProfile","line":121,"loc":{"start":{"line":121,"column":4},"end":{"line":131,"column":4}}},"4":{"name":"_checkIfProfileExists","line":133,"loc":{"start":{"line":133,"column":4},"end":{"line":135,"column":4}}},"5":{"name":"_approval","line":137,"loc":{"start":{"line":137,"column":4},"end":{"line":141,"column":4}}},"6":{"name":"setInitialSupply","line":143,"loc":{"start":{"line":143,"column":4},"end":{"line":145,"column":4}}},"7":{"name":"setGradThreshold","line":147,"loc":{"start":{"line":147,"column":4},"end":{"line":149,"column":4}}},"8":{"name":"setFee","line":151,"loc":{"start":{"line":151,"column":4},"end":{"line":154,"column":4}}},"9":{"name":"setMaxTx","line":156,"loc":{"start":{"line":156,"column":4},"end":{"line":158,"column":4}}},"10":{"name":"setAssetRate","line":160,"loc":{"start":{"line":160,"column":4},"end":{"line":164,"column":4}}},"11":{"name":"setDeployParams","line":166,"loc":{"start":{"line":166,"column":4},"end":{"line":168,"column":4}}},"12":{"name":"getUserTokens","line":170,"loc":{"start":{"line":170,"column":4},"end":{"line":176,"column":4}}},"13":{"name":"launch","line":186,"loc":{"start":{"line":178,"column":4},"end":{"line":188,"column":4}}},"14":{"name":"launchFor","line":199,"loc":{"start":{"line":190,"column":4},"end":{"line":279,"column":4}}},"15":{"name":"sell","line":281,"loc":{"start":{"line":281,"column":4},"end":{"line":316,"column":4}}},"16":{"name":"buy","line":318,"loc":{"start":{"line":318,"column":4},"end":{"line":355,"column":4}}},"17":{"name":"_openTradingOnUniswap","line":357,"loc":{"start":{"line":357,"column":4},"end":{"line":403,"column":4}}},"18":{"name":"unwrapToken","line":405,"loc":{"start":{"line":405,"column":4},"end":{"line":420,"column":4}}}},"statementMap":{"1":{"start":{"line":90,"column":8},"end":{"line":90,"column":29}},"2":{"start":{"line":104,"column":8},"end":{"line":104,"column":33}},"3":{"start":{"line":105,"column":8},"end":{"line":105,"column":31}},"4":{"start":{"line":122,"column":8},"end":{"line":122,"column":32}},"5":{"start":{"line":124,"column":8},"end":{"line":124,"column":73}},"6":{"start":{"line":128,"column":8},"end":{"line":128,"column":27}},"7":{"start":{"line":130,"column":8},"end":{"line":130,"column":19}},"8":{"start":{"line":134,"column":8},"end":{"line":134,"column":43}},"9":{"start":{"line":138,"column":8},"end":{"line":138,"column":52}},"10":{"start":{"line":140,"column":8},"end":{"line":140,"column":19}},"11":{"start":{"line":161,"column":8},"end":{"line":161,"column":39}},"12":{"start":{"line":171,"column":8},"end":{"line":171,"column":78}},"13":{"start":{"line":173,"column":8},"end":{"line":173,"column":50}},"14":{"start":{"line":175,"column":8},"end":{"line":175,"column":30}},"15":{"start":{"line":187,"column":8},"end":{"line":187,"column":92}},"16":{"start":{"line":200,"column":8},"end":{"line":200,"column":80}},"17":{"start":{"line":201,"column":8},"end":{"line":201,"column":48}},"18":{"start":{"line":202,"column":8},"end":{"line":202,"column":97}},"19":{"start":{"line":203,"column":8},"end":{"line":203,"column":56}},"20":{"start":{"line":204,"column":8},"end":{"line":204,"column":67}},"21":{"start":{"line":205,"column":8},"end":{"line":205,"column":86}},"22":{"start":{"line":207,"column":8},"end":{"line":207,"column":94}},"23":{"start":{"line":208,"column":8},"end":{"line":208,"column":44}},"24":{"start":{"line":210,"column":8},"end":{"line":210,"column":70}},"25":{"start":{"line":212,"column":8},"end":{"line":212,"column":74}},"26":{"start":{"line":213,"column":8},"end":{"line":213,"column":24}},"27":{"start":{"line":215,"column":8},"end":{"line":215,"column":45}},"28":{"start":{"line":216,"column":8},"end":{"line":216,"column":76}},"29":{"start":{"line":218,"column":8},"end":{"line":218,"column":68}},"30":{"start":{"line":220,"column":8},"end":{"line":220,"column":6542}},"31":{"start":{"line":234,"column":8},"end":{"line":234,"column":6999}},"32":{"start":{"line":251,"column":8},"end":{"line":251,"column":38}},"33":{"start":{"line":253,"column":8},"end":{"line":253,"column":52}},"34":{"start":{"line":255,"column":8},"end":{"line":255,"column":7665}},"35":{"start":{"line":256,"column":12},"end":{"line":256,"column":55}},"36":{"start":{"line":258,"column":12},"end":{"line":258,"column":47}},"37":{"start":{"line":260,"column":12},"end":{"line":260,"column":54}},"38":{"start":{"line":262,"column":12},"end":{"line":262,"column":7877}},"39":{"start":{"line":263,"column":16},"end":{"line":263,"column":59}},"40":{"start":{"line":265,"column":16},"end":{"line":265,"column":51}},"41":{"start":{"line":269,"column":8},"end":{"line":269,"column":34}},"42":{"start":{"line":271,"column":8},"end":{"line":271,"column":47}},"43":{"start":{"line":274,"column":8},"end":{"line":274,"column":72}},"44":{"start":{"line":275,"column":8},"end":{"line":275,"column":65}},"45":{"start":{"line":276,"column":8},"end":{"line":276,"column":65}},"46":{"start":{"line":278,"column":8},"end":{"line":278,"column":41}},"47":{"start":{"line":282,"column":8},"end":{"line":282,"column":68}},"48":{"start":{"line":284,"column":8},"end":{"line":284,"column":80}},"49":{"start":{"line":286,"column":8},"end":{"line":286,"column":41}},"50":{"start":{"line":288,"column":8},"end":{"line":288,"column":65}},"51":{"start":{"line":290,"column":8},"end":{"line":290,"column":97}},"52":{"start":{"line":292,"column":8},"end":{"line":292,"column":50}},"53":{"start":{"line":293,"column":8},"end":{"line":293,"column":51}},"54":{"start":{"line":294,"column":8},"end":{"line":294,"column":85}},"55":{"start":{"line":296,"column":8},"end":{"line":296,"column":43}},"56":{"start":{"line":297,"column":8},"end":{"line":297,"column":88}},"57":{"start":{"line":298,"column":8},"end":{"line":298,"column":49}},"58":{"start":{"line":299,"column":8},"end":{"line":299,"column":108}},"59":{"start":{"line":300,"column":8},"end":{"line":300,"column":9401}},"60":{"start":{"line":311,"column":8},"end":{"line":311,"column":9887}},"61":{"start":{"line":315,"column":8},"end":{"line":315,"column":19}},"62":{"start":{"line":319,"column":8},"end":{"line":319,"column":68}},"63":{"start":{"line":321,"column":8},"end":{"line":321,"column":80}},"64":{"start":{"line":323,"column":8},"end":{"line":323,"column":41}},"65":{"start":{"line":325,"column":8},"end":{"line":325,"column":65}},"66":{"start":{"line":327,"column":8},"end":{"line":327,"column":96}},"67":{"start":{"line":329,"column":8},"end":{"line":329,"column":51}},"68":{"start":{"line":330,"column":8},"end":{"line":330,"column":50}},"69":{"start":{"line":331,"column":8},"end":{"line":331,"column":85}},"70":{"start":{"line":333,"column":8},"end":{"line":333,"column":43}},"71":{"start":{"line":334,"column":8},"end":{"line":334,"column":88}},"72":{"start":{"line":335,"column":8},"end":{"line":335,"column":49}},"73":{"start":{"line":336,"column":8},"end":{"line":336,"column":106}},"74":{"start":{"line":337,"column":8},"end":{"line":337,"column":119}},"75":{"start":{"line":346,"column":8},"end":{"line":346,"column":11471}},"76":{"start":{"line":350,"column":8},"end":{"line":350,"column":11586}},"77":{"start":{"line":351,"column":12},"end":{"line":351,"column":46}},"78":{"start":{"line":354,"column":8},"end":{"line":354,"column":19}},"79":{"start":{"line":358,"column":8},"end":{"line":358,"column":44}},"80":{"start":{"line":360,"column":8},"end":{"line":360,"column":54}},"81":{"start":{"line":362,"column":8},"end":{"line":362,"column":85}},"82":{"start":{"line":368,"column":8},"end":{"line":368,"column":80}},"83":{"start":{"line":370,"column":8},"end":{"line":370,"column":41}},"84":{"start":{"line":372,"column":8},"end":{"line":372,"column":50}},"85":{"start":{"line":373,"column":8},"end":{"line":373,"column":45}},"86":{"start":{"line":375,"column":8},"end":{"line":375,"column":36}},"87":{"start":{"line":377,"column":8},"end":{"line":377,"column":75}},"88":{"start":{"line":378,"column":8},"end":{"line":378,"column":12485}},"89":{"start":{"line":390,"column":8},"end":{"line":390,"column":12906}},"90":{"start":{"line":398,"column":8},"end":{"line":398,"column":105}},"91":{"start":{"line":400,"column":8},"end":{"line":400,"column":49}},"92":{"start":{"line":402,"column":8},"end":{"line":402,"column":48}},"93":{"start":{"line":406,"column":8},"end":{"line":406,"column":54}},"94":{"start":{"line":407,"column":8},"end":{"line":407,"column":67}},"95":{"start":{"line":409,"column":8},"end":{"line":409,"column":46}},"96":{"start":{"line":410,"column":8},"end":{"line":410,"column":51}},"97":{"start":{"line":411,"column":8},"end":{"line":411,"column":83}},"98":{"start":{"line":412,"column":8},"end":{"line":412,"column":13820}},"99":{"start":{"line":413,"column":12},"end":{"line":413,"column":37}},"100":{"start":{"line":414,"column":12},"end":{"line":414,"column":50}},"101":{"start":{"line":415,"column":12},"end":{"line":415,"column":13972}},"102":{"start":{"line":416,"column":16},"end":{"line":416,"column":43}},"103":{"start":{"line":417,"column":16},"end":{"line":417,"column":65}}},"branchMap":{"1":{"line":103,"type":"if","locations":[{"start":{"line":103,"column":15},"end":{"line":103,"column":15}},{"start":{"line":103,"column":15},"end":{"line":103,"column":15}}]},"2":{"line":143,"type":"if","locations":[{"start":{"line":143,"column":56},"end":{"line":143,"column":56}},{"start":{"line":143,"column":56},"end":{"line":143,"column":56}}]},"3":{"line":147,"type":"if","locations":[{"start":{"line":147,"column":59},"end":{"line":147,"column":59}},{"start":{"line":147,"column":59},"end":{"line":147,"column":59}}]},"4":{"line":151,"type":"if","locations":[{"start":{"line":151,"column":61},"end":{"line":151,"column":61}},{"start":{"line":151,"column":61},"end":{"line":151,"column":61}}]},"5":{"line":156,"type":"if","locations":[{"start":{"line":156,"column":45},"end":{"line":156,"column":45}},{"start":{"line":156,"column":45},"end":{"line":156,"column":45}}]},"6":{"line":160,"type":"if","locations":[{"start":{"line":160,"column":50},"end":{"line":160,"column":50}},{"start":{"line":160,"column":50},"end":{"line":160,"column":50}}]},"7":{"line":161,"type":"if","locations":[{"start":{"line":161,"column":8},"end":{"line":161,"column":8}},{"start":{"line":161,"column":8},"end":{"line":161,"column":8}}]},"8":{"line":166,"type":"if","locations":[{"start":{"line":166,"column":64},"end":{"line":166,"column":64}},{"start":{"line":166,"column":64},"end":{"line":166,"column":64}}]},"9":{"line":171,"type":"if","locations":[{"start":{"line":171,"column":8},"end":{"line":171,"column":8}},{"start":{"line":171,"column":8},"end":{"line":171,"column":8}}]},"10":{"line":186,"type":"if","locations":[{"start":{"line":186,"column":13},"end":{"line":186,"column":13}},{"start":{"line":186,"column":13},"end":{"line":186,"column":13}}]},"11":{"line":199,"type":"if","locations":[{"start":{"line":199,"column":13},"end":{"line":199,"column":13}},{"start":{"line":199,"column":13},"end":{"line":199,"column":13}}]},"12":{"line":200,"type":"if","locations":[{"start":{"line":200,"column":8},"end":{"line":200,"column":8}},{"start":{"line":200,"column":8},"end":{"line":200,"column":8}}]},"13":{"line":202,"type":"if","locations":[{"start":{"line":202,"column":8},"end":{"line":202,"column":8}},{"start":{"line":202,"column":8},"end":{"line":202
[...]
4},"end":{"line":93,"column":4}}},"7":{"name":"withdraw","line":95,"loc":{"start":{"line":95,"column":4},"end":{"line":107,"column":4}}},"8":{"name":"getPastBalanceOf","line":109,"loc":{"start":{"line":109,"column":4},"end":{"line":115,"column":4}}},"9":{"name":"transfer","line":118,"loc":{"start":{"line":118,"column":4},"end":{"line":120,"column":4}}},"10":{"name":"transferFrom","line":122,"loc":{"start":{"line":122,"column":4},"end":{"line":124,"column":4}}},"11":{"name":"approve","line":126,"loc":{"start":{"line":126,"column":4},"end":{"line":128,"column":4}}},"12":{"name":"_update","line":131,"loc":{"start":{"line":131,"column":4},"end":{"line":137,"column":4}}},"13":{"name":"getPastDelegates","line":139,"loc":{"start":{"line":139,"column":4},"end":{"line":141,"column":4}}}},"statementMap":{"1":{"start":{"line":25,"column":8},"end":{"line":25,"column":29}},"2":{"start":{"line":33,"column":8},"end":{"line":33,"column":41}},"3":{"start":{"line":48,"column":8},"end":{"line":48,"column":35}},"4":{"start":{"line":49,"column":8},"end":{"line":49,"column":26}},"5":{"start":{"line":60,"column":8},"end":{"line":60,"column":87}},"6":{"start":{"line":62,"column":8},"end":{"line":62,"column":37}},"7":{"start":{"line":63,"column":8},"end":{"line":63,"column":44}},"8":{"start":{"line":64,"column":8},"end":{"line":64,"column":98}},"9":{"start":{"line":65,"column":8},"end":{"line":65,"column":115}},"10":{"start":{"line":67,"column":8},"end":{"line":67,"column":48}},"11":{"start":{"line":68,"column":8},"end":{"line":68,"column":75}},"12":{"start":{"line":70,"column":8},"end":{"line":70,"column":71}},"13":{"start":{"line":72,"column":8},"end":{"line":72,"column":2547}},"14":{"start":{"line":76,"column":8},"end":{"line":76,"column":50}},"15":{"start":{"line":78,"column":8},"end":{"line":78,"column":73}},"16":{"start":{"line":79,"column":8},"end":{"line":79,"column":30}},"17":{"start":{"line":80,"column":8},"end":{"line":80,"column":37}},"18":{"start":{"line":81,"column":8},"end":{"line":81,"column":91}},"19":{"start":{"line":85,"column":8},"end":{"line":85,"column":54}},"20":{"start":{"line":90,"column":8},"end":{"line":90,"column":52}},"21":{"start":{"line":91,"column":8},"end":{"line":91,"column":87}},"22":{"start":{"line":96,"column":8},"end":{"line":96,"column":37}},"23":{"start":{"line":97,"column":8},"end":{"line":97,"column":67}},"24":{"start":{"line":99,"column":8},"end":{"line":99,"column":3477}},"25":{"start":{"line":100,"column":12},"end":{"line":100,"column":65}},"26":{"start":{"line":103,"column":8},"end":{"line":103,"column":28}},"27":{"start":{"line":104,"column":8},"end":{"line":104,"column":87}},"28":{"start":{"line":106,"column":8},"end":{"line":106,"column":54}},"29":{"start":{"line":110,"column":8},"end":{"line":110,"column":41}},"30":{"start":{"line":111,"column":8},"end":{"line":111,"column":3966}},"31":{"start":{"line":114,"column":8},"end":{"line":114,"column":91}},"32":{"start":{"line":119,"column":8},"end":{"line":119,"column":39}},"33":{"start":{"line":123,"column":8},"end":{"line":123,"column":39}},"34":{"start":{"line":127,"column":8},"end":{"line":127,"column":38}},"35":{"start":{"line":136,"column":8},"end":{"line":136,"column":37}},"36":{"start":{"line":140,"column":8},"end":{"line":140,"column":58}}},"branchMap":{"1":{"line":33,"type":"if","locations":[{"start":{"line":33,"column":8},"end":{"line":33,"column":8}},{"start":{"line":33,"column":8},"end":{"line":33,"column":8}}]},"2":{"line":47,"type":"if","locations":[{"start":{"line":47,"column":15},"end":{"line":47,"column":15}},{"start":{"line":47,"column":15},"end":{"line":47,"column":15}}]},"3":{"line":60,"type":"if","locations":[{"start":{"line":60,"column":8},"end":{"line":60,"column":8}},{"start":{"line":60,"column":8},"end":{"line":60,"column":8}}]},"4":{"line":60,"type":"cond-expr","locations":[{"start":{"line":60,"column":16},"end":{"line":60,"column":23}},{"start":{"line":60,"column":28},"end":{"line":60,"column":45}}]},"5":{"line":63,"type":"if","locations":[{"start":{"line":63,"column":8},"end":{"line":63,"column":8}},{"start":{"line":63,"column":8},"end":{"line":63,"column":8}}]},"6":{"line":64,"type":"if","locations":[{"start":{"line":64,"column":8},"end":{"line":64,"column":8}},{"start":{"line":64,"column":8},"end":{"line":64,"column":8}}]},"7":{"line":65,"type":"if","locations":[{"start":{"line":65,"column":8},"end":{"line":65,"column":8}},{"start":{"line":65,"column":8},"end":{"line":65,"column":8}}]},"8":{"line":70,"type":"if","locations":[{"start":{"line":70,"column":8},"end":{"line":70,"column":8}},{"start":{"line":70,"column":8},"end":{"line":70,"column":8}}]},"9":{"line":72,"type":"if","locations":[{"start":{"line":72,"column":8},"end":{"line":72,"column":8}},{"start":{"line":72,"column":8},"end":{"line":72,"column":8}}]},"10":{"line":85,"type":"if","locations":[{"start":{"line":85,"column":8},"end":{"line":85,"column":8}},{"start":{"line":85,"column":8},"end":{"line":85,"column":8}}]},"11":{"line":91,"type":"if","locations":[{"start":{"line":91,"column":8},"end":{"line":91,"column":8}},{"start":{"line":91,"column":8},"end":{"line":91,"column":8}}]},"12":{"line":95,"type":"if","locations":[{"start":{"line":95,"column":45},"end":{"line":95,"column":45}},{"start":{"line":95,"column":45},"end":{"line":95,"column":45}}]},"13":{"line":97,"type":"if","locations":[{"start":{"line":97,"column":8},"end":{"line":97,"column":8}},{"start":{"line":97,"column":8},"end":{"line":97,"column":8}}]},"14":{"line":99,"type":"if","locations":[{"start":{"line":99,"column":8},"end":{"line":99,"column":8}},{"start":{"line":99,"column":8},"end":{"line":99,"column":8}}]},"15":{"line":100,"type":"if","locations":[{"start":{"line":100,"column":12},"end":{"line":100,"column":12}},{"start":{"line":100,"column":12},"end":{"line":100,"column":12}}]},"16":{"line":111,"type":"if","locations":[{"start":{"line":111,"column":8},"end":{"line":111,"column":8}},{"start":{"line":111,"column":8},"end":{"line":111,"column":8}}]}}},"contracts/virtualPersona/CoreRegistry.sol":{"l":{"13":0,"14":0,"15":0,"16":0,"20":0,"21":0,"22":0},"path":"/home/cohee/Projects/My-Auditing-Projects/2025-04-virtuals-protocol/contracts/virtualPersona/CoreRegistry.sol","s":{"1":0,"2":0},"b":{"1":[0,0]},"f":{"1":0,"2":0},"fnMap":{"1":{"name":"__CoreRegistry_init","line":12,"loc":{"start":{"line":12,"column":4},"end":{"line":17,"column":4}}},"2":{"name":"_addCoreType","line":19,"loc":{"start":{"line":19,"column":4},"end":{"line":23,"column":4}}}},"statementMap":{"1":{"start":{"line":20,"column":8},"end":{"line":20,"column":40}},"2":{"start":{"line":22,"column":8},"end":{"line":22,"column":41}}},"branchMap":{"1":{"line":12,"type":"if","locations":[{"start":{"line":12,"column":44},"end":{"line":12,"column":44}},{"start":{"line":12,"column":44},"end":{"line":12,"column":44}}]}}},"contracts/virtualPersona/EloCalculator.sol":{"l":{"15":0,"19":0,"20":0,"24":0,"25":0,"27":0,"29":0,"31":0,"35":0,"40":0,"41":0,"42":0,"43":0,"44":0,"45":0,"46":0,"47":0,"48":0,"50":0,"51":0,"54":0,"58":0},"path":"/home/cohee/Projects/My-Auditing-Projects/2025-04-virtuals-protocol/contracts/virtualPersona/EloCalculator.sol","s":{"1":0,"2":0,"3":0,"4":0,"5":0,"6":0,"7":0,"8":0,"9":0,"10":0,"11":0,"12":0,"13":0,"14":0,"15":0,"16":0,"17":0},"b":{"1":[0,0],"2":[0,0],"3":[0,0],"4":[0,0],"5":[0,0],"6":[0,0]},"f":{"1":0,"2":0,"3":0,"4":0,"5":0,"6":0},"fnMap":{"1":{"name":"constructor","line":14,"loc":{"start":{"line":14,"column":4},"end":{"line":16,"column":4}}},"2":{"name":"initialize","line":18,"loc":{"start":{"line":18,"column":4},"end":{"line":21,"column":4}}},"3":{"name":"mapBattleResultToGameResult","line":23,"loc":{"start":{"line":23,"column":4},"end":{"line":32,"column":4}}},"4":{"name":"_roundUp","line":34,"loc":{"start":{"line":34,"column":4},"end":{"line":36,"column":4}}},"5":{"name":"battleElo","line":39,"loc":{"start":{"line":39,"column":4},"end":{"line":55,"column":4}}},"6":{"name":"setK","line":57,"loc":{"start":{"line":57,"column":4},"end":{"line":59,"column":4}}}},"statementMap":{"1":{"start":{"line":15,"column":8},"end":{"line":15,"column":29}},"2":{"start":{"line":19,"column":8},"end":{"line":19,"column":35}},"3":{"start":{"line":24,"column":8},"end":{"line":24,"column":801}},"4":{"start":{"line":25,"column":12},"end":{"line":25,"column":22}},"5":{"start":{"line":26,"column":15},"end":{"line":26,"column":859}},"6":{"start":{"line":27,"column":12},"end":{"line":27,"column":21}},"7":{"start":{"line":28,"column":15},"end":{"line":28,"column":916}},"8":{"start":{"line":29,"column":12},"end":{"line":29,"column":21}},"9":{"start":{"line":31,"column":8},"end":{"line":31,"column":16}},"10":{"start":{"line":35,"column":8},"end":{"line":35,"column":58}},"11":{"start":{"line":40,"column":8},"end":{"line":40,"column":27}},"12":{"start":{"line":41,"column":8},"end":{"line":41,"column":27}},"13":{"start":{"line":42,"column":8},"end":{"line":42,"column":1353}},"14":{"start":{"line":43,"column":12},"end":{"line":43,"column":68}},"15":{"start":{"line":44,"column":12},"end":{"line":44,"column":85}},"16":{"start":{"line":46,"column":12},"end":{"line":46,"column":1617}},"17":{"start":{"line":54,"column":8},"end":{"line":54,"column":42}}},"branchMap":{"1":{"line":18,"type":"if","locations":[{"start":{"line":18,"column":53},"end":{"line":18,"column":53}},{"start":{"line":18,"column":53},"end":{"line":18,"column":53}}]},"2":{"line":24,"type":"if","locations":[{"start":{"line":24,"column":8},"end":{"line":24,"column":8}},{"start":{"line":24,"column":8},"end":{"line":24,"column":8}}]},"3":{"line":26,"type":"if","locations":[{"start":{"line":26,"column":15},"end":{"line":26,"column":15}},{"start":{"line":26,"column":15},"end":{"line":26,"column":15}}]},"4":{"line":28,"type":"if","locations":[{"start":{"line":28,"column":15},"end":{"line":28,"column":15}},{"start":{"line":28,"column":15},"end":{"line":28,"column":15}}]},"5":{"line":46,"type":"if","locations":[{"start":{"line":46,"column":12},"end":{"line":46,"column":12}},{"start":{"line":46,"column":12},"end":{"line":46,"column":12}}]},"6":{"line":57,"type":"if","locations":[{"start":{"line":57,"column":37},"end":{"line":57,"column":37}},{"start":{"line":57,"column":37},"end":{"line":57,"column":37}}]}}},"contracts/virtualPersona/ERC20Votes.sol":{"l":{"14":0,"15":0,"19":0,"20":0,"21":0,"23":0},"path":"/home/cohee/Projects/My-Auditing-Projects/2025-04-virtuals-protocol/contracts/virtualPersona/ERC20Votes.sol","s":{"1":0,"2":0,"3":0,"4":0,"5":0},"b":{"1":[0,0]},"f":{"1":0,"2":0},"fnMap":{"1":{"name":"_delegate","line":13,"loc":{"start":{"line":13,"column":4},"end":{"line":16,"column":4}}},"2":{"name":"_getPastDelegates","line":18,"loc":{"start":{"line":18,"column":4},"end":{"line":24,"column":4}}}},"statementMap":{"1":{"start":{"line":14,"column":8},"end":{"line":14,"column":42}},"2":{"start":{"line":15,"column":8},"end":{"line":15,"column":62}},"3":{"start":{"line":19,"column":8},"end":{"line":19,"column":41}},"4":{"start":{"line":20,"column":8},"end":{"line":20,"column":914}},"5":{"start":{"line":23,"column":8},"end":{"line":23,"column":93}}},"branchMap":{"1":{"line":20,"type":"if","locations":[{"start":{"line":20,"column":8},"end":{"line":20,"column":8}},{"start":{"line":20,"column":8},"end":{"line":20,"column":8}}]}}},"contracts/virtualPersona/GovernorCountingSimpleUpgradeable.sol":{"l":{"38":0,"45":0,"54":0,"55":0,"62":0,"64":0,"71":0,"73":0,"86":0,"89":0,"90":0,"93":0,"94":0,"97":0,"99":0,"100":0,"102":0,"104":0,"106":0},"path":"/home/cohee/Projects/My-Auditing-Projects/2025-04-virtuals-protocol/contracts/virtualPersona/GovernorCountingSimpleUpgradeable.sol","s":{"1":0,"2":0,"3":0,"4":0,"5":0,"6":0,"7":0,"8":0,"9":0,"10":0,"11":0,"12":0,"13":0,"14":0,"15":0},"b":{"1":[0,0],"2":[0,0],"3":[0,0],"4":[0,0],"5":[0,0],"6":[0,0]},"f":{"1":0,"2":0,"3":0,"4":0,"5":0,"6":0,"7":0},"fnMap":{"1":{"name":"__GovernorCountingSimple_init","line":31,"loc":{"start":{"line":31,"column":4},"end":{"line":31,"column":72}}},"2":{"name":"COUNTING_MODE","line":37,"loc":{"start":{"line":37,"column":4},"end":{"line":39,"column":4}}},"3":{"name":"hasVoted","line":44,"loc":{"start":{"line":44,"column":4},"end":{"line":46,"column":4}}},"4":{"name":"proposalVotes","line":51,"loc":{"start":{"line":51,"column":4},"end":{"line":56,"column":4}}},"5":{"name":"_quorumReached","line":61,"loc":{"start":{"line":61,"column":4},"end":{"line":65,"column":4}}},"6":{"name":"_voteSucceeded","line":70,"loc":{"start":{"line":70,"column":4},"end":{"line":74,"column":4}}},"7":{"name":"_countVote","line":79,"loc":{"start":{"line":79,"column":4},"end":{"line":108,"column":4}}}},"statementMap":{"1":{"start":{"line":38,"column":8},"end":{"line":38,"column":49}},"2":{"start":{"line":45,"column":8},"end":{"line":45,"column":59}},"3":{"start":{"line":54,"column":8},"end":{"line":54,"column":70}},"4":{"start":{"line":55,"column":8},"end":{"line":55,"column":92}},"5":{"start":{"line":62,"column":8},"end":{"line":62,"column":70}},"6":{"start":{"line":64,"column":8},"end":{"line":64,"column":104}},"7":{"start":{"line":71,"column":8},"end":{"line":71,"column":70}},"8":{"start":{"line":73,"column":8},"end":{"line":73,"column":64}},"9":{"start":{"line":86,"column":8},"end":{"line":86,"column":70}},"10":{"start":{"line":89,"column":8},"end":{"line":89,"column":2991}},"11":{"start":{"line":90,"column":12},"end":{"line":90,"column":18}},"12":{"start":{"line":93,"column":8},"end":{"line":93,"column":3075}},"13":{"start":{"line":99,"column":8},"end":{"line":99,"column":3233}},"14":{"start":{"line":101,"column":15},"end":{"line":101,"column":3339}},"15":{"start":{"line":103,"column":15},"end":{"line":103,"column":3437}}},"branchMap":{"1":{"line":31,"type":"if","locations":[{"start":{"line":31,"column":54},"end":{"line":31,"column":54}},{"start":{"line":31,"column":54},"end":{"line":31,"column":54}}]},"2":{"line":89,"type":"if","locations":[{"start":{"line":89,"column":8},"end":{"line":89,"column":8}},{"start":{"line":89,"column":8},"end":{"line":89,"column":8}}]},"3":{"line":93,"type":"if","locations":[{"start":{"line":93,"column":8},"end":{"line":93,"column":8}},{"start":{"line":93,"column":8},"end":{"line":93,"column":8}}]},"4":{"line":99,"type":"if","locations":[{"start":{"line":99,"column":8},"end":{"line":99,"column":8}},{"start":{"line":99,"column":8},"end":{"line":99,"column":8}}]},"5":{"line":101,"type":"if","locations":[{"start":{"line":101,"column":15},"end":{"line":101,"column":15}},{"start":{"line":101,"column":15},"end":{"line":101,"column":15}}]},"6":{"line":103,"type":"if","locations":[{"start":{"line":103,"column":15},"end":{"line":103,"column":15}},{"start":{"line":103,"column":15},"end":{"line":103,"column":15}}]}}},"contracts/virtualPersona/IAgentDAO.sol":{"l":{},"path":"/home/cohee/Projects/My-Auditing-Projects/2025-04-virtuals-protocol/contracts/virtualPersona/IAgentDAO.sol","s":{},"b":{},"f":{},"fnMap":{},"statementMap":{},"branchMap":{}},"contracts/virtualPersona/IAgentFactory.sol":{"l":{},"path":"/home/cohee/Projects/My-Auditing-Projects/2025-04-virtuals-protocol/contracts/virtualPersona/IAgentFactory.sol","s":{},"b":{},"f":{},"fnMap":{},"statementMap":{},"branchMap":{}},"contracts/virtualPersona/IAgentFactoryV3.sol":{"l":{},"path":"/home/cohee/Projects/My-Auditing-Projects/2025-04-virtuals-protocol/contracts/virtualPersona/IAgentFactoryV3.sol","s":{},"b":{},"f":{},"fnMap":{},"statementMap":{},"branchMap":{}},"contracts/virtualPersona/IAgentFactoryV4.sol":{"l":{},"path":"/home/cohee/Projects/My-Auditing-Projects/2025-04-virtuals-protocol/contracts/virtualPersona/IAgentFactoryV4.sol","s":{},"b":{},"f":{},"fnMap":{},"statementMap":{},"branchMap":{}},"contracts/virtualPersona/IAgentNft.sol":{"l":{},"path":"/home/cohee/Projects/My-Auditing-Projects/2025-04-virtuals-protocol/contracts/virtualPersona/IAgentNft.sol","s":{},"b":{},"f":{},"fnMap":{},"statementMap":{},"branchMap":{}},"contracts/virtualPersona/IAgentToken.sol":{"l":{},"path":"/home/cohee/Projects/My-Auditing-Projects/2025-04-virtuals-protocol/contracts/virtualPersona/IAgentToken.sol","s":{},"b":{},"f":{},"fnMap":{},"statementMap":{},"branchMap":{}},"contracts/virtualPersona/IAgentVeToken.sol":{"l":{},"path":"/home/cohee/Projects/My-Auditing-Projects/2025-04-virtuals-protocol/contracts/virtualPersona/IAgentVeToken.sol","s":{},"b":{},"f":{},"fnMap":{},"statementMap":{},"branchMap":{}},"contracts/virtualPersona/IEloCalculator.sol":{"l":{},"path":"/home/cohee/Projects/My-Auditing-Projects/2025-04-virtuals-protocol/contracts/virtualPersona/IEloCalculator.sol","s":{},"b":{},"f":{},"fnMap":{},"statementMap":{},"branchMap":{}},"contracts/virtualPersona/IERC20Config.sol":{"l":{},"path":"/home/cohee/Projects/My-Auditing-Projects/2025-04-virtuals-protocol/contracts/virtualPersona/IERC20Config.sol","s":{},"b":{},"f":{},"fnMap":{},"statementMap":{},"branchMap":{}},"contracts/virtualPersona/IErrors.sol":{"l":{},"path":"/home/cohee/Projects/My-Auditing-Projects/2025-04-virtuals-protocol/contracts/virtualPersona/IErrors.sol","s":{},"b":{},"f":{},"fnMap":{},"statementMap":{},"branchMap":{}},"contracts/virtualPersona/IExecutionInterface.sol":{"l":{},"path":"/home/cohee/Projects/My-Auditing-Projects/2025-04-virtuals-protocol/contracts/virtualPersona/IExecutionInterface.sol","s":{},"b":{},"f":{},"fnMap":{},"statementMap":{},"branchMap":{}},"contracts/virtualPersona/IValidatorRegistry.sol":{"l":{},"path":"/home/cohee/Projects/My-Auditing-Projects/2025-04-virtuals-protocol/contracts/virtualPersona/IValidatorRegistry.sol","s":{},"b":{},"f":{},"fnMap":{},"statementMap":{},"branchMap":{}},"contracts/virtualPersona/ValidatorRegistry.sol":{"l":{"21":0,"22":0,"23":0,"27":0,"31":0,"32":0,"33":0,"37":0,"41":0,"49":0,"53":0,"57":0,"61":0,"62":0,"63":0,"65":0,"73":0,"74":0,"75":0},"path":"/home/cohee/Projects/My-Auditing-Projects/2025-04-virtuals-protocol/contracts/virtualPersona/ValidatorRegistry.sol","s":{"1":0,"2":0,"3":0,"4":0,"5":0,"6":0,"7":0,"8":0,"9":0,"10":0},"b":{"1":[0,0]},"f":{"1":0,"2":0,"3":0,"4":0,"5":0,"6":0,"7":0,"8":0,"9":0,"10":0},"fnMap":{"1":{"name":"__ValidatorRegistry_init","line":20,"loc":{"start":{"line":16,"column":4},"end":{"line":24,"column":4}}},"2":{"name":"isValidator","line":26,"loc":{"start":{"line":26,"column":4},"end":{"line":28,"column":4}}},"3":{"name":"_addValidator","line":30,"loc":{"start":{"line":30,"column":4},"end":{"line":34,"column":4}}},"4":{"name":"_initValidatorScore","line":36,"loc":{"start":{"line":36,"column":4},"end":{"line":38,"column":4}}},"5":{"name":"validatorScore","line":40,"loc":{"start":{"line":40,"column":4},"end":{"line":42,"column":4}}},"6":{"name":"getPastValidatorScore","line":44,"loc":{"start":{"line":44,"column":4},"end":{"line":50,"column":4}}},"7":{"name":"validatorCount","line":52,"loc":{"start":{"line":52,"column":4},"end":{"line":54,"column":4}}},"8":{"name":"validatorAt","line":56,"loc":{"start":{"line":56,"column":4},"end":{"line":58,"column":4}}},"9":{"name":"totalUptimeScore","line":60,"loc":{"start":{"line":60,"column":4},"end":{"line":66,"column":4}}},"10":{"name":"_migrateScoreFunctions","line":68,"loc":{"start":{"line":68,"column":4},"end":{"line":76,"column":4}}}},"statementMap":{"1":{"start":{"line":27,"column":8},"end":{"line":27,"column":49}},"2":{"start":{"line":32,"column":8},"end":{"line":32,"column":45}},"3":{"start":{"line":33,"column":8},"end":{"line":33,"column":47}},"4":{"start":{"line":41,"column":8},"end":{"line":41,"column":92}},"5":{"start":{"line":49,"column":8},"end":{"line":49,"column":105}},"6":{"start":{"line":53,"column":8},"end":{"line":53,"column":44}},"7":{"start":{"line":57,"column":8},"end":{"line":57,"column":44}},"8":{"start":{"line":61,"column":8},"end":{"line":61,"column":30}},"9":{"start":{"line":62,"column":8},"end":{"line":62,"column":2601}},"10":{"start":{"line":65,"column":8},"end":{"line":65,"column":25}}},"branchMap":{"1":{"line":20,"type":"if","locations":[{"start":{"line":20,"column":15},"end":{"line":20,"column":15}},{"start":{"line":20,"column":15},"end":{"line":20,"column":15}}]}}}}